2017-06-26 06:59:am --- ::1 ----> : ====> Execute Query ====>  DELETE FROM emedirec_sessions WHERE  `last_logins` <= DATE_SUB(NOW(), INTERVAL 12 MINUTE)
2017-06-26 06:59:am --- ::1 ----> : ====> Execute Query ====>  DELETE FROM emedirec_sessions WHERE  `last_logins` <= DATE_SUB(NOW(), INTERVAL 12 MINUTE)
2017-06-26 06:59:am --- ::1 ----> : ====> Execute Query ====>  DELETE FROM emedirec_sessions WHERE  `last_logins` <= DATE_SUB(NOW(), INTERVAL 12 MINUTE)
2017-06-26 06:59:am --- ::1 ----> : ====> Execute Query ====>  DELETE FROM emedirec_sessions WHERE  `last_logins` <= DATE_SUB(NOW(), INTERVAL 12 MINUTE)
2017-06-26 06:59:am --- ::1 ----> : ====> Execute Query ====> SELECT COUNT(*) AS `numrows` FROM `emedirec_sessions` WHERE `data` LIKE '%:"admin";%' AND DATE_ADD(`last_logins`, INTERVAL 12 MINUTE) > NOW()
2017-06-26 06:59:am --- ::1 ----> : ====> Execute Query ====>  SELECT  * FROM  emedirec_1_user AS us JOIN emedirec_hospital AS ht ON ht.hospital_id = us.hospital_id WHERE  username = 'admin' AND hospital_code = 'H0000001'
2017-06-26 06:59:am --- ::1 ----> 1:admin ====> Execute Query ====>  DELETE FROM emedirec_sessions WHERE  `last_logins` <= DATE_SUB(NOW(), INTERVAL 12 MINUTE)
2017-06-26 06:59:am --- ::1 ----> 1:admin ====> Execute Query ====>  DELETE FROM emedirec_sessions WHERE  `last_logins` <= DATE_SUB(NOW(), INTERVAL 12 MINUTE)
2017-06-26 06:59:am --- ::1 ----> 1:admin ====> Execute Query ====>  DELETE FROM emedirec_sessions WHERE  `last_logins` <= DATE_SUB(NOW(), INTERVAL 12 MINUTE)
2017-06-26 06:59:am --- ::1 ----> 1:admin ====> Execute Query ====>  DELETE FROM emedirec_sessions WHERE  `last_logins` <= DATE_SUB(NOW(), INTERVAL 12 MINUTE)
2017-06-26 06:59:am --- ::1 ----> 1:admin ====> Execute Query ====> SELECT COUNT(*) AS `numrows` FROM `emedirec_1_user` WHERE `user_deleted` =0
2017-06-26 06:59:am --- ::1 ----> 1:admin ====> Execute Query ====>  DELETE FROM emedirec_sessions WHERE  `last_logins` <= DATE_SUB(NOW(), INTERVAL 12 MINUTE)
2017-06-26 06:59:am --- ::1 ----> 1:admin ====> Execute Query ====>  DELETE FROM emedirec_sessions WHERE  `last_logins` <= DATE_SUB(NOW(), INTERVAL 12 MINUTE)
2017-06-26 06:59:am --- ::1 ----> 1:admin ====> Execute Query ====>  DELETE FROM emedirec_sessions WHERE  `last_logins` <= DATE_SUB(NOW(), INTERVAL 12 MINUTE)
2017-06-26 06:59:am --- ::1 ----> 1:admin ====> Execute Query ====>  DELETE FROM emedirec_sessions WHERE  `last_logins` <= DATE_SUB(NOW(), INTERVAL 12 MINUTE)
2017-06-26 06:59:am --- ::1 ----> 1:admin ====> Execute Query ====> SELECT COUNT(*) AS `numrows` FROM `emedirec_1_icd10` WHERE `icd10_deleted` =0
2017-06-26 06:59:am --- ::1 ----> 1:admin ====> Execute Query ====>  DELETE FROM emedirec_sessions WHERE  `last_logins` <= DATE_SUB(NOW(), INTERVAL 12 MINUTE)
2017-06-26 06:59:am --- ::1 ----> 1:admin ====> Execute Query ====>  DELETE FROM emedirec_sessions WHERE  `last_logins` <= DATE_SUB(NOW(), INTERVAL 12 MINUTE)
2017-06-26 06:59:am --- ::1 ----> 1:admin ====> Execute Query ====>  DELETE FROM emedirec_sessions WHERE  `last_logins` <= DATE_SUB(NOW(), INTERVAL 12 MINUTE)
2017-06-26 06:59:am --- ::1 ----> 1:admin ====> Execute Query ====>  DELETE FROM emedirec_sessions WHERE  `last_logins` <= DATE_SUB(NOW(), INTERVAL 12 MINUTE)
2017-06-26 06:59:am --- ::1 ----> 1:admin ====> Execute Query ====> SELECT COUNT(*) AS `numrows` FROM `emedirec_1_patient` WHERE `patient_deleted` =0
2017-06-26 06:59:am --- ::1 ----> 1:admin ====> Execute Query ====>  DELETE FROM emedirec_sessions WHERE  `last_logins` <= DATE_SUB(NOW(), INTERVAL 12 MINUTE)
2017-06-26 06:59:am --- ::1 ----> 1:admin ====> Execute Query ====>  DELETE FROM emedirec_sessions WHERE  `last_logins` <= DATE_SUB(NOW(), INTERVAL 12 MINUTE)
2017-06-26 06:59:am --- ::1 ----> 1:admin ====> Execute Query ====>  DELETE FROM emedirec_sessions WHERE  `last_logins` <= DATE_SUB(NOW(), INTERVAL 12 MINUTE)
2017-06-26 06:59:am --- ::1 ----> 1:admin ====> Execute Query ====>  DELETE FROM emedirec_sessions WHERE  `last_logins` <= DATE_SUB(NOW(), INTERVAL 12 MINUTE)
2017-06-26 06:59:am --- ::1 ----> 1:admin ====> Execute Query ====> SELECT COUNT(*) AS `numrows` FROM `emedirec_1_patient` WHERE `patient_deleted` =0 AND `patient_ready` =0
2017-06-26 06:59:am --- ::1 ----> 1:admin ====> Execute Query ====>  DELETE FROM emedirec_sessions WHERE  `last_logins` <= DATE_SUB(NOW(), INTERVAL 12 MINUTE)
2017-06-26 06:59:am --- ::1 ----> 1:admin ====> Execute Query ====>  DELETE FROM emedirec_sessions WHERE  `last_logins` <= DATE_SUB(NOW(), INTERVAL 12 MINUTE)
2017-06-26 06:59:am --- ::1 ----> 1:admin ====> Execute Query ====>  DELETE FROM emedirec_sessions WHERE  `last_logins` <= DATE_SUB(NOW(), INTERVAL 12 MINUTE)
2017-06-26 06:59:am --- ::1 ----> 1:admin ====> Execute Query ====>  DELETE FROM emedirec_sessions WHERE  `last_logins` <= DATE_SUB(NOW(), INTERVAL 12 MINUTE)
2017-06-26 06:59:am --- ::1 ----> 1:admin ====> Execute Query ====> SELECT COUNT(*) AS `numrows` FROM `emedirec_1_visitors` WHERE `visitors_status` = 2
2017-06-26 06:59:am --- ::1 ----> 1:admin ====> Execute Query ====>  DELETE FROM emedirec_sessions WHERE  `last_logins` <= DATE_SUB(NOW(), INTERVAL 12 MINUTE)
2017-06-26 06:59:am --- ::1 ----> 1:admin ====> Execute Query ====>  DELETE FROM emedirec_sessions WHERE  `last_logins` <= DATE_SUB(NOW(), INTERVAL 12 MINUTE)
2017-06-26 06:59:am --- ::1 ----> 1:admin ====> Execute Query ====>  DELETE FROM emedirec_sessions WHERE  `last_logins` <= DATE_SUB(NOW(), INTERVAL 12 MINUTE)
2017-06-26 06:59:am --- ::1 ----> 1:admin ====> Execute Query ====>  DELETE FROM emedirec_sessions WHERE  `last_logins` <= DATE_SUB(NOW(), INTERVAL 12 MINUTE)
2017-06-26 06:59:am --- ::1 ----> 1:admin ====> Execute Query ====> SELECT COUNT(*) AS `numrows` FROM `emedirec_1_visitors` WHERE `visitors_status` = 1
2017-06-26 06:59:am --- ::1 ----> 1:admin ====> Execute Query ====>  DELETE FROM emedirec_sessions WHERE  `last_logins` <= DATE_SUB(NOW(), INTERVAL 12 MINUTE)
2017-06-26 06:59:am --- ::1 ----> 1:admin ====> Execute Query ====>  DELETE FROM emedirec_sessions WHERE  `last_logins` <= DATE_SUB(NOW(), INTERVAL 12 MINUTE)
2017-06-26 06:59:am --- ::1 ----> 1:admin ====> Execute Query ====>  DELETE FROM emedirec_sessions WHERE  `last_logins` <= DATE_SUB(NOW(), INTERVAL 12 MINUTE)
2017-06-26 06:59:am --- ::1 ----> 1:admin ====> Execute Query ====>  DELETE FROM emedirec_sessions WHERE  `last_logins` <= DATE_SUB(NOW(), INTERVAL 12 MINUTE)
2017-06-26 06:59:am --- ::1 ----> 1:admin ====> Execute Query ====> SELECT COUNT(*) AS `numrows` FROM `emedirec_1_products` WHERE `products_deleted` =0 AND `categories_id` NOT IN (7,8)
2017-06-26 06:59:am --- ::1 ----> 1:admin ====> Execute Query ====>  DELETE FROM emedirec_sessions WHERE  `last_logins` <= DATE_SUB(NOW(), INTERVAL 12 MINUTE)
2017-06-26 06:59:am --- ::1 ----> 1:admin ====> Execute Query ====>  DELETE FROM emedirec_sessions WHERE  `last_logins` <= DATE_SUB(NOW(), INTERVAL 12 MINUTE)
2017-06-26 07:00:am --- ::1 ----> 1:admin ====> Execute Query ====>  DELETE FROM emedirec_sessions WHERE  `last_logins` <= DATE_SUB(NOW(), INTERVAL 12 MINUTE)
2017-06-26 07:00:am --- ::1 ----> 1:admin ====> Execute Query ====>  DELETE FROM emedirec_sessions WHERE  `last_logins` <= DATE_SUB(NOW(), INTERVAL 12 MINUTE)
2017-06-26 07:00:am --- ::1 ----> 1:admin ====> Execute Query ====> SELECT COUNT(*) AS `numrows` FROM `emedirec_1_products` WHERE `products_deleted` =0 AND `categories_id` IN (7,8)
2017-06-26 07:00:am --- ::1 ----> 1:admin ====> Execute Query ====>  DELETE FROM emedirec_sessions WHERE  `last_logins` <= DATE_SUB(NOW(), INTERVAL 12 MINUTE)
2017-06-26 07:00:am --- ::1 ----> 1:admin ====> Execute Query ====>  DELETE FROM emedirec_sessions WHERE  `last_logins` <= DATE_SUB(NOW(), INTERVAL 12 MINUTE)
2017-06-26 07:00:am --- ::1 ----> 1:admin ====> Execute Query ====>  DELETE FROM emedirec_sessions WHERE  `last_logins` <= DATE_SUB(NOW(), INTERVAL 12 MINUTE)
2017-06-26 07:00:am --- ::1 ----> 1:admin ====> Execute Query ====>  DELETE FROM emedirec_sessions WHERE  `last_logins` <= DATE_SUB(NOW(), INTERVAL 12 MINUTE)
2017-06-26 07:00:am --- ::1 ----> 1:admin ====> Execute Query ====>  SELECT  DATE_FORMAT(appoitments_time,'%d/%m/%Y %h:%i %p') AS appoitments_time, pt.patient_kh_name, pt.patient_en_name, name FROM emedirec_1_appoinments AS ap LEFT JOIN emedirec_1_visitors AS vs ON vs.visitors_id = ap.visitors_id LEFT JOIN emedirec_1_patient AS pt ON vs.patient_id = pt.patient_id  LEFT JOIN emedirec_1_user AS us ON us.uid = ap.uid  WHERE  appionments_deleted = 0 AND appoitments_time >= NOW() ORDER BY appoitments_time ASC
2017-06-26 07:00:am --- ::1 ----> 1:admin ====> Execute Query ====>  DELETE FROM emedirec_sessions WHERE  `last_logins` <= DATE_SUB(NOW(), INTERVAL 12 MINUTE)
2017-06-26 07:00:am --- ::1 ----> 1:admin ====> Execute Query ====>  DELETE FROM emedirec_sessions WHERE  `last_logins` <= DATE_SUB(NOW(), INTERVAL 12 MINUTE)
2017-06-26 07:00:am --- ::1 ----> 1:admin ====> Execute Query ====>  DELETE FROM emedirec_sessions WHERE  `last_logins` <= DATE_SUB(NOW(), INTERVAL 12 MINUTE)
2017-06-26 07:00:am --- ::1 ----> 1:admin ====> Execute Query ====>  DELETE FROM emedirec_sessions WHERE  `last_logins` <= DATE_SUB(NOW(), INTERVAL 12 MINUTE)
2017-06-26 07:00:am --- ::1 ----> 1:admin ====> Execute Query ====>  SELECT  * FROM emedirec_hospital WHERE  hospital_status = 1
2017-06-26 07:00:am --- ::1 ----> 1:admin ====> Execute Query ====> SELECT COUNT(*) AS `numrows` FROM `emedirec_1_patient` WHERE `patient_deleted` =0
2017-06-26 07:00:am --- ::1 ----> 1:admin ====> Execute Query ====>  SELECT  * FROM emedirec_1_rooms WHERE  room_deleted = 0
2017-06-26 07:00:am --- ::1 ----> 1:admin ====> Execute Query ====>  SELECT  * FROM emedirec_1_wards WHERE  wards_deleted = 0
2017-06-26 07:00:am --- ::1 ----> 1:admin ====> Execute Query ====>  SELECT  * FROM emedirec_1_user WHERE  user_deleted = 0
2017-06-26 07:00:am --- ::1 ----> 1:admin ====> Execute Query ====>  DELETE FROM emedirec_sessions WHERE  `last_logins` <= DATE_SUB(NOW(), INTERVAL 12 MINUTE)
2017-06-26 07:00:am --- ::1 ----> 1:admin ====> Execute Query ====>  DELETE FROM emedirec_sessions WHERE  `last_logins` <= DATE_SUB(NOW(), INTERVAL 12 MINUTE)
2017-06-26 07:00:am --- ::1 ----> 1:admin ====> Execute Query ====>  SELECT  * FROM emedirec_1_patient WHERE  patient_deleted = 0 AND patient_ready = 0 ORDER BY register_date DESC
2017-06-26 07:00:am --- ::1 ----> 1:admin ====> Execute Query ====>  DELETE FROM emedirec_sessions WHERE  `last_logins` <= DATE_SUB(NOW(), INTERVAL 12 MINUTE)
2017-06-26 07:00:am --- ::1 ----> 1:admin ====> Execute Query ====>  DELETE FROM emedirec_sessions WHERE  `last_logins` <= DATE_SUB(NOW(), INTERVAL 12 MINUTE)
2017-06-26 07:00:am --- ::1 ----> 1:admin ====> Execute Query ====>  DELETE FROM emedirec_sessions WHERE  `last_logins` <= DATE_SUB(NOW(), INTERVAL 12 MINUTE)
2017-06-26 07:00:am --- ::1 ----> 1:admin ====> Execute Query ====>  DELETE FROM emedirec_sessions WHERE  `last_logins` <= DATE_SUB(NOW(), INTERVAL 12 MINUTE)
2017-06-26 07:00:am --- ::1 ----> 1:admin ====> Execute Query ====>  SELECT  * FROM emedirec_hospital WHERE  hospital_status = 1
2017-06-26 07:00:am --- ::1 ----> 1:admin ====> Execute Query ====> SELECT COUNT(*) AS `numrows` FROM `emedirec_1_patient` WHERE `patient_deleted` =0
2017-06-26 07:00:am --- ::1 ----> 1:admin ====> Execute Query ====>  SELECT  * FROM emedirec_1_rooms WHERE  room_deleted = 0
2017-06-26 07:00:am --- ::1 ----> 1:admin ====> Execute Query ====>  SELECT  * FROM emedirec_1_wards WHERE  wards_deleted = 0
2017-06-26 07:00:am --- ::1 ----> 1:admin ====> Execute Query ====>  SELECT  * FROM emedirec_1_user WHERE  user_deleted = 0
2017-06-26 07:00:am --- ::1 ----> 1:admin ====> Execute Query ====>  DELETE FROM emedirec_sessions WHERE  `last_logins` <= DATE_SUB(NOW(), INTERVAL 12 MINUTE)
2017-06-26 07:00:am --- ::1 ----> 1:admin ====> Execute Query ====>  DELETE FROM emedirec_sessions WHERE  `last_logins` <= DATE_SUB(NOW(), INTERVAL 12 MINUTE)
2017-06-26 07:00:am --- ::1 ----> 1:admin ====> Execute Query ====>  SELECT  * FROM emedirec_1_patient WHERE  patient_deleted = 0 AND patient_ready = 0 ORDER BY register_date DESC
2017-06-26 07:00:am --- ::1 ----> 1:admin ====> Execute Query ====>  DELETE FROM emedirec_sessions WHERE  `last_logins` <= DATE_SUB(NOW(), INTERVAL 12 MINUTE)
2017-06-26 07:00:am --- ::1 ----> 1:admin ====> Execute Query ====>  DELETE FROM emedirec_sessions WHERE  `last_logins` <= DATE_SUB(NOW(), INTERVAL 12 MINUTE)
2017-06-26 07:00:am --- ::1 ----> 1:admin ====> Execute Query ====>  DELETE FROM emedirec_sessions WHERE  `last_logins` <= DATE_SUB(NOW(), INTERVAL 12 MINUTE)
2017-06-26 07:00:am --- ::1 ----> 1:admin ====> Execute Query ====>  DELETE FROM emedirec_sessions WHERE  `last_logins` <= DATE_SUB(NOW(), INTERVAL 12 MINUTE)
2017-06-26 07:00:am --- ::1 ----> 1:admin ====> Execute Query ====>  SELECT  permissions_action FROM emedirec_role_permissions WHERE  permissions_section = 'mDiagnostic' AND roles_id =1
2017-06-26 07:00:am --- ::1 ----> 1:admin ====> Execute Query ====>  SELECT  * FROM emedirec_hospital WHERE  hospital_status = 1
2017-06-26 07:00:am --- ::1 ----> 1:admin ====> Execute Query ====> SELECT COUNT(*) AS `numrows` FROM `emedirec_1_visitors` WHERE `visitors_status` = 1
2017-06-26 07:00:am --- ::1 ----> 1:admin ====> Execute Query ====>  DELETE FROM emedirec_sessions WHERE  `last_logins` <= DATE_SUB(NOW(), INTERVAL 12 MINUTE)
2017-06-26 07:00:am --- ::1 ----> 1:admin ====> Execute Query ====>  DELETE FROM emedirec_sessions WHERE  `last_logins` <= DATE_SUB(NOW(), INTERVAL 12 MINUTE)
2017-06-26 07:00:am --- ::1 ----> 1:admin ====> Execute Query ====> SELECT COUNT(*) AS `numrows` FROM `emedirec_1_patient` WHERE `patient_deleted` =0
2017-06-26 07:00:am --- ::1 ----> 1:admin ====> Execute Query ====> INSERT INTO `emedirec_1_patient` (`patient_code`, `patient_kh_name`, `patient_en_name`, `patient_gender`, `patient_phone`, `patient_emergency_phone`, `patient_dob`, `patient_occupation`, `is_heart`, `is_respiratory`, `is_diabetes`, `is_digestive`, `is_kidney`, `is_endocrine`, `is_neuro_sys`, `is_lung`, `is_allergy`, `pulse_mm`, `heart_rate_mm`, `blood_pressure_mm`, `respirateory_rate_mm`, `temperature_mm`, `patient_id_card`, `patient_id_poor`, `patient_inssurance`, `patient_assurance_card`, `patient_assurance_company`, `patient_motor_card`, `patient_car_card`, `patient_bank_card1`, `patient_bank_card2`, `patient_student_card`, `patient_status`, `patient_pregnancy`, `patient_pre_pregnancy`, `patient_breastfeeding`, `patient_disease`, `patient_desc`, `patient_district`, `patient_province`, `patient_ready`) VALUES ('P00000002', 'dsfadafd', '', 'f', '', '', '1970-01-01', '', '0', '0', '0', '0', '0', '0', '0', '0', '0', '', '', '', '', '', '', '0', '0', '', '', '', '', '', '', '', '0', '', '', '', '', '', '', '', 1)
2017-06-26 07:00:am --- ::1 ----> 1:admin ====> Execute Query ====> UPDATE `emedirec_hospital` SET `auto_no` = 1, `auto_no_date` = '2017-06-26', `patient_no` = 2 WHERE `hospital_id` IS NULL
2017-06-26 07:00:am --- ::1 ----> 1:admin ====> Execute Query ====> PatientId :P00000002
2017-06-26 07:00:am --- ::1 ----> 1:admin ====> Execute Query ====>  SELECT  * FROM emedirec_1_patient WHERE  patient_code ='P00000002'
2017-06-26 07:00:am --- ::1 ----> 1:admin ====> Execute Query ====> PatientId :P00000002
2017-06-26 07:00:am --- ::1 ----> 1:admin ====> Execute Query ====>  SELECT  * FROM emedirec_1_patient WHERE  patient_code ='P00000002'
2017-06-26 07:00:am --- ::1 ----> 1:admin ====> Execute Query ====> SELECT COUNT(*) AS `numrows` FROM `emedirec_1_visitors` WHERE `visitors_status` < 3 AND `patient_id` = 2
2017-06-26 07:00:am --- ::1 ----> 1:admin ====> Execute Query ====> INSERT INTO `emedirec_1_visitors` (`patient_id`, `visitors_stay_date`, `visitors_leave_status`, `visitors_status`) VALUES ('2', '', '1', '1')
2017-06-26 07:00:am --- ::1 ----> 1:admin ====> Execute Query ====>  DELETE FROM emedirec_sessions WHERE  `last_logins` <= DATE_SUB(NOW(), INTERVAL 12 MINUTE)
2017-06-26 07:00:am --- ::1 ----> 1:admin ====> Execute Query ====>  DELETE FROM emedirec_sessions WHERE  `last_logins` <= DATE_SUB(NOW(), INTERVAL 12 MINUTE)
2017-06-26 07:00:am --- ::1 ----> 1:admin ====> Execute Query ====>  SELECT  * FROM emedirec_1_visitors AS vs JOIN emedirec_1_patient AS pt ON vs.patient_id = pt.patient_id WHERE 	visitors_status = 1
2017-06-26 07:00:am --- ::1 ----> 1:admin ====> Execute Query ====>  DELETE FROM emedirec_sessions WHERE  `last_logins` <= DATE_SUB(NOW(), INTERVAL 12 MINUTE)
2017-06-26 07:00:am --- ::1 ----> 1:admin ====> Execute Query ====>  DELETE FROM emedirec_sessions WHERE  `last_logins` <= DATE_SUB(NOW(), INTERVAL 12 MINUTE)
2017-06-26 07:00:am --- ::1 ----> 1:admin ====> Execute Query ====>  DELETE FROM emedirec_sessions WHERE  `last_logins` <= DATE_SUB(NOW(), INTERVAL 12 MINUTE)
2017-06-26 07:00:am --- ::1 ----> 1:admin ====> Execute Query ====>  DELETE FROM emedirec_sessions WHERE  `last_logins` <= DATE_SUB(NOW(), INTERVAL 12 MINUTE)
2017-06-26 07:00:am --- ::1 ----> 1:admin ====> Execute Query ====> UPDATE `emedirec_1_visitors` SET `visitors_leave_date` = '2017-06-26 07:00:45am', `visitors_leave_status` = '', `visitors_status` = '3' WHERE `visitors_id` = 4
2017-06-26 07:00:am --- ::1 ----> 1:admin ====> Execute Query ====>  DELETE FROM emedirec_sessions WHERE  `last_logins` <= DATE_SUB(NOW(), INTERVAL 12 MINUTE)
2017-06-26 07:00:am --- ::1 ----> 1:admin ====> Execute Query ====>  DELETE FROM emedirec_sessions WHERE  `last_logins` <= DATE_SUB(NOW(), INTERVAL 12 MINUTE)
2017-06-26 07:00:am --- ::1 ----> 1:admin ====> Execute Query ====>  SELECT  * FROM emedirec_1_visitors AS vs JOIN emedirec_1_patient AS pt ON vs.patient_id = pt.patient_id WHERE 	visitors_status = 1
2017-06-26 07:00:am --- ::1 ----> 1:admin ====> Execute Query ====>  DELETE FROM emedirec_sessions WHERE  `last_logins` <= DATE_SUB(NOW(), INTERVAL 12 MINUTE)
2017-06-26 07:00:am --- ::1 ----> 1:admin ====> Execute Query ====>  DELETE FROM emedirec_sessions WHERE  `last_logins` <= DATE_SUB(NOW(), INTERVAL 12 MINUTE)
2017-06-26 11:01:am --- ::1 ----> : ====> Execute Query ====>  DELETE FROM emedirec_sessions WHERE  `last_logins` <= DATE_SUB(NOW(), INTERVAL 12 MINUTE)
2017-06-26 11:01:am --- ::1 ----> : ====> Execute Query ====>  DELETE FROM emedirec_sessions WHERE  `last_logins` <= DATE_SUB(NOW(), INTERVAL 12 MINUTE)
2017-06-26 11:02:am --- ::1 ----> : ====> Execute Query ====>  DELETE FROM emedirec_sessions WHERE  `last_logins` <= DATE_SUB(NOW(), INTERVAL 12 MINUTE)
2017-06-26 11:02:am --- ::1 ----> : ====> Execute Query ====>  DELETE FROM emedirec_sessions WHERE  `last_logins` <= DATE_SUB(NOW(), INTERVAL 12 MINUTE)
2017-06-26 11:02:am --- ::1 ----> : ====> Execute Query ====> SELECT COUNT(*) AS `numrows` FROM `emedirec_sessions` WHERE `data` LIKE '%:"admin";%' AND DATE_ADD(`last_logins`, INTERVAL 12 MINUTE) > NOW()
2017-06-26 11:02:am --- ::1 ----> : ====> Execute Query ====>  SELECT  * FROM  emedirec_1_user AS us JOIN emedirec_hospital AS ht ON ht.hospital_id = us.hospital_id WHERE  username = 'admin' AND hospital_code = 'H0000001'
2017-06-26 11:02:am --- ::1 ----> 1:admin ====> Execute Query ====>  DELETE FROM emedirec_sessions WHERE  `last_logins` <= DATE_SUB(NOW(), INTERVAL 12 MINUTE)
2017-06-26 11:02:am --- ::1 ----> 1:admin ====> Execute Query ====>  DELETE FROM emedirec_sessions WHERE  `last_logins` <= DATE_SUB(NOW(), INTERVAL 12 MINUTE)
2017-06-26 11:02:am --- ::1 ----> 1:admin ====> Execute Query ====>  DELETE FROM emedirec_sessions WHERE  `last_logins` <= DATE_SUB(NOW(), INTERVAL 12 MINUTE)
2017-06-26 11:02:am --- ::1 ----> 1:admin ====> Execute Query ====>  DELETE FROM emedirec_sessions WHERE  `last_logins` <= DATE_SUB(NOW(), INTERVAL 12 MINUTE)
2017-06-26 11:02:am --- ::1 ----> 1:admin ====> Execute Query ====> SELECT COUNT(*) AS `numrows` FROM `emedirec_1_visitors` WHERE `visitors_status` = 1
2017-06-26 11:02:am --- ::1 ----> 1:admin ====> Execute Query ====>  DELETE FROM emedirec_sessions WHERE  `last_logins` <= DATE_SUB(NOW(), INTERVAL 12 MINUTE)
2017-06-26 11:02:am --- ::1 ----> 1:admin ====> Execute Query ====>  DELETE FROM emedirec_sessions WHERE  `last_logins` <= DATE_SUB(NOW(), INTERVAL 12 MINUTE)
2017-06-26 11:02:am --- ::1 ----> 1:admin ====> Execute Query ====>  DELETE FROM emedirec_sessions WHERE  `last_logins` <= DATE_SUB(NOW(), INTERVAL 12 MINUTE)
2017-06-26 11:02:am --- ::1 ----> 1:admin ====> Execute Query ====>  DELETE FROM emedirec_sessions WHERE  `last_logins` <= DATE_SUB(NOW(), INTERVAL 12 MINUTE)
2017-06-26 11:02:am --- ::1 ----> 1:admin ====> Execute Query ====> SELECT COUNT(*) AS `numrows` FROM `emedirec_1_icd10` WHERE `icd10_deleted` =0
2017-06-26 11:02:am --- ::1 ----> 1:admin ====> Execute Query ====>  DELETE FROM emedirec_sessions WHERE  `last_logins` <= DATE_SUB(NOW(), INTERVAL 12 MINUTE)
2017-06-26 11:02:am --- ::1 ----> 1:admin ====> Execute Query ====>  DELETE FROM emedirec_sessions WHERE  `last_logins` <= DATE_SUB(NOW(), INTERVAL 12 MINUTE)
2017-06-26 11:02:am --- ::1 ----> 1:admin ====> Execute Query ====>  DELETE FROM emedirec_sessions WHERE  `last_logins` <= DATE_SUB(NOW(), INTERVAL 12 MINUTE)
2017-06-26 11:02:am --- ::1 ----> 1:admin ====> Execute Query ====>  DELETE FROM emedirec_sessions WHERE  `last_logins` <= DATE_SUB(NOW(), INTERVAL 12 MINUTE)
2017-06-26 11:02:am --- ::1 ----> 1:admin ====> Execute Query ====> SELECT COUNT(*) AS `numrows` FROM `emedirec_1_patient` WHERE `patient_deleted` =0 AND `patient_ready` =0
2017-06-26 11:02:am --- ::1 ----> 1:admin ====> Execute Query ====>  DELETE FROM emedirec_sessions WHERE  `last_logins` <= DATE_SUB(NOW(), INTERVAL 12 MINUTE)
2017-06-26 11:02:am --- ::1 ----> 1:admin ====> Execute Query ====>  DELETE FROM emedirec_sessions WHERE  `last_logins` <= DATE_SUB(NOW(), INTERVAL 12 MINUTE)
2017-06-26 11:02:am --- ::1 ----> 1:admin ====> Execute Query ====>  DELETE FROM emedirec_sessions WHERE  `last_logins` <= DATE_SUB(NOW(), INTERVAL 12 MINUTE)
2017-06-26 11:02:am --- ::1 ----> 1:admin ====> Execute Query ====>  DELETE FROM emedirec_sessions WHERE  `last_logins` <= DATE_SUB(NOW(), INTERVAL 12 MINUTE)
2017-06-26 11:02:am --- ::1 ----> 1:admin ====> Execute Query ====> SELECT COUNT(*) AS `numrows` FROM `emedirec_1_user` WHERE `user_deleted` =0
2017-06-26 11:02:am --- ::1 ----> 1:admin ====> Execute Query ====>  DELETE FROM emedirec_sessions WHERE  `last_logins` <= DATE_SUB(NOW(), INTERVAL 12 MINUTE)
2017-06-26 11:02:am --- ::1 ----> 1:admin ====> Execute Query ====>  DELETE FROM emedirec_sessions WHERE  `last_logins` <= DATE_SUB(NOW(), INTERVAL 12 MINUTE)
2017-06-26 11:02:am --- ::1 ----> 1:admin ====> Execute Query ====>  DELETE FROM emedirec_sessions WHERE  `last_logins` <= DATE_SUB(NOW(), INTERVAL 12 MINUTE)
2017-06-26 11:02:am --- ::1 ----> 1:admin ====> Execute Query ====>  DELETE FROM emedirec_sessions WHERE  `last_logins` <= DATE_SUB(NOW(), INTERVAL 12 MINUTE)
2017-06-26 11:02:am --- ::1 ----> 1:admin ====> Execute Query ====> SELECT COUNT(*) AS `numrows` FROM `emedirec_1_patient` WHERE `patient_deleted` =0
2017-06-26 11:02:am --- ::1 ----> 1:admin ====> Execute Query ====>  DELETE FROM emedirec_sessions WHERE  `last_logins` <= DATE_SUB(NOW(), INTERVAL 12 MINUTE)
2017-06-26 11:02:am --- ::1 ----> 1:admin ====> Execute Query ====>  DELETE FROM emedirec_sessions WHERE  `last_logins` <= DATE_SUB(NOW(), INTERVAL 12 MINUTE)
2017-06-26 11:02:am --- ::1 ----> 1:admin ====> Execute Query ====>  DELETE FROM emedirec_sessions WHERE  `last_logins` <= DATE_SUB(NOW(), INTERVAL 12 MINUTE)
2017-06-26 11:02:am --- ::1 ----> 1:admin ====> Execute Query ====>  DELETE FROM emedirec_sessions WHERE  `last_logins` <= DATE_SUB(NOW(), INTERVAL 12 MINUTE)
2017-06-26 11:02:am --- ::1 ----> 1:admin ====> Execute Query ====> SELECT COUNT(*) AS `numrows` FROM `emedirec_1_visitors` WHERE `visitors_status` = 2
2017-06-26 11:02:am --- ::1 ----> 1:admin ====> Execute Query ====>  DELETE FROM emedirec_sessions WHERE  `last_logins` <= DATE_SUB(NOW(), INTERVAL 12 MINUTE)
2017-06-26 11:02:am --- ::1 ----> 1:admin ====> Execute Query ====>  DELETE FROM emedirec_sessions WHERE  `last_logins` <= DATE_SUB(NOW(), INTERVAL 12 MINUTE)
2017-06-26 11:02:am --- ::1 ----> 1:admin ====> Execute Query ====>  DELETE FROM emedirec_sessions WHERE  `last_logins` <= DATE_SUB(NOW(), INTERVAL 12 MINUTE)
2017-06-26 11:02:am --- ::1 ----> 1:admin ====> Execute Query ====>  DELETE FROM emedirec_sessions WHERE  `last_logins` <= DATE_SUB(NOW(), INTERVAL 12 MINUTE)
2017-06-26 11:02:am --- ::1 ----> 1:admin ====> Execute Query ====> SELECT COUNT(*) AS `numrows` FROM `emedirec_1_products` WHERE `products_deleted` =0 AND `categories_id` NOT IN (7,8)
2017-06-26 11:02:am --- ::1 ----> 1:admin ====> Execute Query ====>  DELETE FROM emedirec_sessions WHERE  `last_logins` <= DATE_SUB(NOW(), INTERVAL 12 MINUTE)
2017-06-26 11:02:am --- ::1 ----> 1:admin ====> Execute Query ====>  DELETE FROM emedirec_sessions WHERE  `last_logins` <= DATE_SUB(NOW(), INTERVAL 12 MINUTE)
2017-06-26 11:02:am --- ::1 ----> 1:admin ====> Execute Query ====>  DELETE FROM emedirec_sessions WHERE  `last_logins` <= DATE_SUB(NOW(), INTERVAL 12 MINUTE)
2017-06-26 11:02:am --- ::1 ----> 1:admin ====> Execute Query ====>  DELETE FROM emedirec_sessions WHERE  `last_logins` <= DATE_SUB(NOW(), INTERVAL 12 MINUTE)
2017-06-26 11:02:am --- ::1 ----> 1:admin ====> Execute Query ====> SELECT COUNT(*) AS `numrows` FROM `emedirec_1_products` WHERE `products_deleted` =0 AND `categories_id` IN (7,8)
2017-06-26 11:02:am --- ::1 ----> 1:admin ====> Execute Query ====>  DELETE FROM emedirec_sessions WHERE  `last_logins` <= DATE_SUB(NOW(), INTERVAL 12 MINUTE)
2017-06-26 11:02:am --- ::1 ----> 1:admin ====> Execute Query ====>  DELETE FROM emedirec_sessions WHERE  `last_logins` <= DATE_SUB(NOW(), INTERVAL 12 MINUTE)
2017-06-26 11:02:am --- ::1 ----> 1:admin ====> Execute Query ====>  DELETE FROM emedirec_sessions WHERE  `last_logins` <= DATE_SUB(NOW(), INTERVAL 12 MINUTE)
2017-06-26 11:02:am --- ::1 ----> 1:admin ====> Execute Query ====>  DELETE FROM emedirec_sessions WHERE  `last_logins` <= DATE_SUB(NOW(), INTERVAL 12 MINUTE)
2017-06-26 11:02:am --- ::1 ----> 1:admin ====> Execute Query ====>  SELECT  DATE_FORMAT(appoitments_time,'%d/%m/%Y %h:%i %p') AS appoitments_time, pt.patient_kh_name, pt.patient_en_name, name FROM emedirec_1_appoinments AS ap LEFT JOIN emedirec_1_visitors AS vs ON vs.visitors_id = ap.visitors_id LEFT JOIN emedirec_1_patient AS pt ON vs.patient_id = pt.patient_id  LEFT JOIN emedirec_1_user AS us ON us.uid = ap.uid  WHERE  appionments_deleted = 0 AND appoitments_time >= NOW() ORDER BY appoitments_time ASC
2017-06-26 11:02:am --- ::1 ----> 1:admin ====> Execute Query ====>  DELETE FROM emedirec_sessions WHERE  `last_logins` <= DATE_SUB(NOW(), INTERVAL 12 MINUTE)
2017-06-26 11:02:am --- ::1 ----> 1:admin ====> Execute Query ====>  DELETE FROM emedirec_sessions WHERE  `last_logins` <= DATE_SUB(NOW(), INTERVAL 12 MINUTE)
2017-06-26 11:02:am --- ::1 ----> 1:admin ====> Execute Query ====>  DELETE FROM emedirec_sessions WHERE  `last_logins` <= DATE_SUB(NOW(), INTERVAL 12 MINUTE)
2017-06-26 11:02:am --- ::1 ----> 1:admin ====> Execute Query ====>  DELETE FROM emedirec_sessions WHERE  `last_logins` <= DATE_SUB(NOW(), INTERVAL 12 MINUTE)
2017-06-26 11:02:am --- ::1 ----> 1:admin ====> Execute Query ====>  DELETE FROM emedirec_sessions WHERE  `last_logins` <= DATE_SUB(NOW(), INTERVAL 12 MINUTE)
2017-06-26 11:02:am --- ::1 ----> 1:admin ====> Execute Query ====>  DELETE FROM emedirec_sessions WHERE  `last_logins` <= DATE_SUB(NOW(), INTERVAL 12 MINUTE)
2017-06-26 11:02:am --- ::1 ----> 1:admin ====> Execute Query ====>  SELECT  * FROM emedirec_1_visitors AS vs JOIN emedirec_1_patient AS pt ON vs.patient_id = pt.patient_id WHERE  patient_deleted = 0 AND visitors_status < 5 GROUP BY pt.patient_id
2017-06-26 11:02:am --- ::1 ----> 1:admin ====> Execute Query ====>  DELETE FROM emedirec_sessions WHERE  `last_logins` <= DATE_SUB(NOW(), INTERVAL 12 MINUTE)
2017-06-26 11:02:am --- ::1 ----> 1:admin ====> Execute Query ====>  DELETE FROM emedirec_sessions WHERE  `last_logins` <= DATE_SUB(NOW(), INTERVAL 12 MINUTE)
2017-06-26 11:02:am --- ::1 ----> 1:admin ====> Execute Query ====>  DELETE FROM emedirec_sessions WHERE  `last_logins` <= DATE_SUB(NOW(), INTERVAL 12 MINUTE)
2017-06-26 11:02:am --- ::1 ----> 1:admin ====> Execute Query ====>  DELETE FROM emedirec_sessions WHERE  `last_logins` <= DATE_SUB(NOW(), INTERVAL 12 MINUTE)
2017-06-26 11:03:am --- ::1 ----> 1:admin ====> Execute Query ====>  DELETE FROM emedirec_sessions WHERE  `last_logins` <= DATE_SUB(NOW(), INTERVAL 12 MINUTE)
2017-06-26 11:03:am --- ::1 ----> 1:admin ====> Execute Query ====>  DELETE FROM emedirec_sessions WHERE  `last_logins` <= DATE_SUB(NOW(), INTERVAL 12 MINUTE)
2017-06-26 11:03:am --- ::1 ----> 1:admin ====> Execute Query ====>  SELECT  * FROM emedirec_1_visitors AS vs JOIN emedirec_1_patient AS pt ON vs.patient_id = pt.patient_id WHERE  patient_deleted = 0 AND visitors_status < 5 GROUP BY pt.patient_id
2017-06-26 11:03:am --- ::1 ----> 1:admin ====> Execute Query ====>  DELETE FROM emedirec_sessions WHERE  `last_logins` <= DATE_SUB(NOW(), INTERVAL 12 MINUTE)
2017-06-26 11:03:am --- ::1 ----> 1:admin ====> Execute Query ====>  DELETE FROM emedirec_sessions WHERE  `last_logins` <= DATE_SUB(NOW(), INTERVAL 12 MINUTE)
2017-06-26 11:13:am --- ::1 ----> : ====> Execute Query ====>  DELETE FROM emedirec_sessions WHERE  `last_logins` <= DATE_SUB(NOW(), INTERVAL 12 MINUTE)
2017-06-26 11:13:am --- ::1 ----> : ====> Execute Query ====>  DELETE FROM emedirec_sessions WHERE  `last_logins` <= DATE_SUB(NOW(), INTERVAL 12 MINUTE)
2017-06-26 11:13:am --- ::1 ----> : ====> Execute Query ====>  DELETE FROM emedirec_sessions WHERE  `last_logins` <= DATE_SUB(NOW(), INTERVAL 12 MINUTE)
2017-06-26 11:13:am --- ::1 ----> : ====> Execute Query ====>  DELETE FROM emedirec_sessions WHERE  `last_logins` <= DATE_SUB(NOW(), INTERVAL 12 MINUTE)
2017-06-26 11:13:am --- ::1 ----> : ====> Execute Query ====> SELECT COUNT(*) AS `numrows` FROM `emedirec_sessions` WHERE `data` LIKE '%:"admin";%' AND DATE_ADD(`last_logins`, INTERVAL 12 MINUTE) > NOW()
2017-06-26 11:16:am --- ::1 ----> : ====> Execute Query ====> SELECT COUNT(*) AS `numrows` FROM `emedirec_sessions` WHERE `data` LIKE '%:"admin";%' AND DATE_ADD(`last_logins`, INTERVAL 12 MINUTE) > NOW()
2017-06-26 11:16:am --- ::1 ----> : ====> Execute Query ====>  SELECT  * FROM  emedirec_1_user AS us JOIN emedirec_hospital AS ht ON ht.hospital_id = us.hospital_id WHERE  username = 'admin' AND hospital_code = 'H0000001'
2017-06-26 11:16:am --- ::1 ----> 1:admin ====> Execute Query ====>  DELETE FROM emedirec_sessions WHERE  `last_logins` <= DATE_SUB(NOW(), INTERVAL 12 MINUTE)
2017-06-26 11:16:am --- ::1 ----> 1:admin ====> Execute Query ====>  DELETE FROM emedirec_sessions WHERE  `last_logins` <= DATE_SUB(NOW(), INTERVAL 12 MINUTE)
2017-06-26 11:16:am --- ::1 ----> 1:admin ====> Execute Query ====>  DELETE FROM emedirec_sessions WHERE  `last_logins` <= DATE_SUB(NOW(), INTERVAL 12 MINUTE)
2017-06-26 11:16:am --- ::1 ----> 1:admin ====> Execute Query ====>  DELETE FROM emedirec_sessions WHERE  `last_logins` <= DATE_SUB(NOW(), INTERVAL 12 MINUTE)
2017-06-26 11:16:am --- ::1 ----> 1:admin ====> Execute Query ====> SELECT COUNT(*) AS `numrows` FROM `emedirec_1_icd10` WHERE `icd10_deleted` =0
2017-06-26 11:16:am --- ::1 ----> 1:admin ====> Execute Query ====>  DELETE FROM emedirec_sessions WHERE  `last_logins` <= DATE_SUB(NOW(), INTERVAL 12 MINUTE)
2017-06-26 11:16:am --- ::1 ----> 1:admin ====> Execute Query ====>  DELETE FROM emedirec_sessions WHERE  `last_logins` <= DATE_SUB(NOW(), INTERVAL 12 MINUTE)
2017-06-26 11:16:am --- ::1 ----> 1:admin ====> Execute Query ====>  DELETE FROM emedirec_sessions WHERE  `last_logins` <= DATE_SUB(NOW(), INTERVAL 12 MINUTE)
2017-06-26 11:16:am --- ::1 ----> 1:admin ====> Execute Query ====>  DELETE FROM emedirec_sessions WHERE  `last_logins` <= DATE_SUB(NOW(), INTERVAL 12 MINUTE)
2017-06-26 11:16:am --- ::1 ----> 1:admin ====> Execute Query ====> SELECT COUNT(*) AS `numrows` FROM `emedirec_1_patient` WHERE `patient_deleted` =0
2017-06-26 11:16:am --- ::1 ----> 1:admin ====> Execute Query ====>  DELETE FROM emedirec_sessions WHERE  `last_logins` <= DATE_SUB(NOW(), INTERVAL 12 MINUTE)
2017-06-26 11:16:am --- ::1 ----> 1:admin ====> Execute Query ====>  DELETE FROM emedirec_sessions WHERE  `last_logins` <= DATE_SUB(NOW(), INTERVAL 12 MINUTE)
2017-06-26 11:16:am --- ::1 ----> 1:admin ====> Execute Query ====>  DELETE FROM emedirec_sessions WHERE  `last_logins` <= DATE_SUB(NOW(), INTERVAL 12 MINUTE)
2017-06-26 11:16:am --- ::1 ----> 1:admin ====> Execute Query ====>  DELETE FROM emedirec_sessions WHERE  `last_logins` <= DATE_SUB(NOW(), INTERVAL 12 MINUTE)
2017-06-26 11:16:am --- ::1 ----> 1:admin ====> Execute Query ====> SELECT COUNT(*) AS `numrows` FROM `emedirec_1_visitors` WHERE `visitors_status` = 1
2017-06-26 11:16:am --- ::1 ----> 1:admin ====> Execute Query ====>  DELETE FROM emedirec_sessions WHERE  `last_logins` <= DATE_SUB(NOW(), INTERVAL 12 MINUTE)
2017-06-26 11:16:am --- ::1 ----> 1:admin ====> Execute Query ====>  DELETE FROM emedirec_sessions WHERE  `last_logins` <= DATE_SUB(NOW(), INTERVAL 12 MINUTE)
2017-06-26 11:16:am --- ::1 ----> 1:admin ====> Execute Query ====>  DELETE FROM emedirec_sessions WHERE  `last_logins` <= DATE_SUB(NOW(), INTERVAL 12 MINUTE)
2017-06-26 11:16:am --- ::1 ----> 1:admin ====> Execute Query ====>  DELETE FROM emedirec_sessions WHERE  `last_logins` <= DATE_SUB(NOW(), INTERVAL 12 MINUTE)
2017-06-26 11:16:am --- ::1 ----> 1:admin ====> Execute Query ====> SELECT COUNT(*) AS `numrows` FROM `emedirec_1_user` WHERE `user_deleted` =0
2017-06-26 11:16:am --- ::1 ----> 1:admin ====> Execute Query ====>  DELETE FROM emedirec_sessions WHERE  `last_logins` <= DATE_SUB(NOW(), INTERVAL 12 MINUTE)
2017-06-26 11:16:am --- ::1 ----> 1:admin ====> Execute Query ====>  DELETE FROM emedirec_sessions WHERE  `last_logins` <= DATE_SUB(NOW(), INTERVAL 12 MINUTE)
2017-06-26 11:16:am --- ::1 ----> 1:admin ====> Execute Query ====>  DELETE FROM emedirec_sessions WHERE  `last_logins` <= DATE_SUB(NOW(), INTERVAL 12 MINUTE)
2017-06-26 11:16:am --- ::1 ----> 1:admin ====> Execute Query ====>  DELETE FROM emedirec_sessions WHERE  `last_logins` <= DATE_SUB(NOW(), INTERVAL 12 MINUTE)
2017-06-26 11:16:am --- ::1 ----> 1:admin ====> Execute Query ====> SELECT COUNT(*) AS `numrows` FROM `emedirec_1_visitors` WHERE `visitors_status` = 2
2017-06-26 11:16:am --- ::1 ----> 1:admin ====> Execute Query ====>  DELETE FROM emedirec_sessions WHERE  `last_logins` <= DATE_SUB(NOW(), INTERVAL 12 MINUTE)
2017-06-26 11:16:am --- ::1 ----> 1:admin ====> Execute Query ====>  DELETE FROM emedirec_sessions WHERE  `last_logins` <= DATE_SUB(NOW(), INTERVAL 12 MINUTE)
2017-06-26 11:16:am --- ::1 ----> 1:admin ====> Execute Query ====>  DELETE FROM emedirec_sessions WHERE  `last_logins` <= DATE_SUB(NOW(), INTERVAL 12 MINUTE)
2017-06-26 11:16:am --- ::1 ----> 1:admin ====> Execute Query ====>  DELETE FROM emedirec_sessions WHERE  `last_logins` <= DATE_SUB(NOW(), INTERVAL 12 MINUTE)
2017-06-26 11:16:am --- ::1 ----> 1:admin ====> Execute Query ====> SELECT COUNT(*) AS `numrows` FROM `emedirec_1_patient` WHERE `patient_deleted` =0 AND `patient_ready` =0
2017-06-26 11:16:am --- ::1 ----> 1:admin ====> Execute Query ====>  DELETE FROM emedirec_sessions WHERE  `last_logins` <= DATE_SUB(NOW(), INTERVAL 12 MINUTE)
2017-06-26 11:16:am --- ::1 ----> 1:admin ====> Execute Query ====>  DELETE FROM emedirec_sessions WHERE  `last_logins` <= DATE_SUB(NOW(), INTERVAL 12 MINUTE)
2017-06-26 11:16:am --- ::1 ----> 1:admin ====> Execute Query ====>  DELETE FROM emedirec_sessions WHERE  `last_logins` <= DATE_SUB(NOW(), INTERVAL 12 MINUTE)
2017-06-26 11:16:am --- ::1 ----> 1:admin ====> Execute Query ====>  DELETE FROM emedirec_sessions WHERE  `last_logins` <= DATE_SUB(NOW(), INTERVAL 12 MINUTE)
2017-06-26 11:16:am --- ::1 ----> 1:admin ====> Execute Query ====> SELECT COUNT(*) AS `numrows` FROM `emedirec_1_products` WHERE `products_deleted` =0 AND `categories_id` NOT IN (7,8)
2017-06-26 11:16:am --- ::1 ----> 1:admin ====> Execute Query ====>  DELETE FROM emedirec_sessions WHERE  `last_logins` <= DATE_SUB(NOW(), INTERVAL 12 MINUTE)
2017-06-26 11:16:am --- ::1 ----> 1:admin ====> Execute Query ====>  DELETE FROM emedirec_sessions WHERE  `last_logins` <= DATE_SUB(NOW(), INTERVAL 12 MINUTE)
2017-06-26 11:16:am --- ::1 ----> 1:admin ====> Execute Query ====>  DELETE FROM emedirec_sessions WHERE  `last_logins` <= DATE_SUB(NOW(), INTERVAL 12 MINUTE)
2017-06-26 11:16:am --- ::1 ----> 1:admin ====> Execute Query ====>  DELETE FROM emedirec_sessions WHERE  `last_logins` <= DATE_SUB(NOW(), INTERVAL 12 MINUTE)
2017-06-26 11:16:am --- ::1 ----> 1:admin ====> Execute Query ====> SELECT COUNT(*) AS `numrows` FROM `emedirec_1_products` WHERE `products_deleted` =0 AND `categories_id` IN (7,8)
2017-06-26 11:16:am --- ::1 ----> 1:admin ====> Execute Query ====>  DELETE FROM emedirec_sessions WHERE  `last_logins` <= DATE_SUB(NOW(), INTERVAL 12 MINUTE)
2017-06-26 11:16:am --- ::1 ----> 1:admin ====> Execute Query ====>  DELETE FROM emedirec_sessions WHERE  `last_logins` <= DATE_SUB(NOW(), INTERVAL 12 MINUTE)
2017-06-26 11:16:am --- ::1 ----> 1:admin ====> Execute Query ====>  DELETE FROM emedirec_sessions WHERE  `last_logins` <= DATE_SUB(NOW(), INTERVAL 12 MINUTE)
2017-06-26 11:16:am --- ::1 ----> 1:admin ====> Execute Query ====>  DELETE FROM emedirec_sessions WHERE  `last_logins` <= DATE_SUB(NOW(), INTERVAL 12 MINUTE)
2017-06-26 11:16:am --- ::1 ----> 1:admin ====> Execute Query ====>  SELECT  * FROM emedirec_hospital WHERE  hospital_status = 1
2017-06-26 11:16:am --- ::1 ----> 1:admin ====> Execute Query ====> SELECT COUNT(*) AS `numrows` FROM `emedirec_1_patient` WHERE `patient_deleted` =0
2017-06-26 11:16:am --- ::1 ----> 1:admin ====> Execute Query ====>  SELECT  * FROM emedirec_1_rooms WHERE  room_deleted = 0
2017-06-26 11:16:am --- ::1 ----> 1:admin ====> Execute Query ====>  SELECT  * FROM emedirec_1_wards WHERE  wards_deleted = 0
2017-06-26 11:16:am --- ::1 ----> 1:admin ====> Execute Query ====>  SELECT  * FROM emedirec_1_user WHERE  user_deleted = 0
2017-06-26 11:16:am --- ::1 ----> 1:admin ====> Execute Query ====>  DELETE FROM emedirec_sessions WHERE  `last_logins` <= DATE_SUB(NOW(), INTERVAL 12 MINUTE)
2017-06-26 11:16:am --- ::1 ----> 1:admin ====> Execute Query ====>  DELETE FROM emedirec_sessions WHERE  `last_logins` <= DATE_SUB(NOW(), INTERVAL 12 MINUTE)
2017-06-26 11:16:am --- ::1 ----> 1:admin ====> Execute Query ====>  SELECT  DATE_FORMAT(appoitments_time,'%d/%m/%Y %h:%i %p') AS appoitments_time, pt.patient_kh_name, pt.patient_en_name, name FROM emedirec_1_appoinments AS ap LEFT JOIN emedirec_1_visitors AS vs ON vs.visitors_id = ap.visitors_id LEFT JOIN emedirec_1_patient AS pt ON vs.patient_id = pt.patient_id  LEFT JOIN emedirec_1_user AS us ON us.uid = ap.uid  WHERE  appionments_deleted = 0 AND appoitments_time >= NOW() ORDER BY appoitments_time ASC
2017-06-26 11:16:am --- ::1 ----> 1:admin ====> Execute Query ====>  DELETE FROM emedirec_sessions WHERE  `last_logins` <= DATE_SUB(NOW(), INTERVAL 12 MINUTE)
2017-06-26 11:16:am --- ::1 ----> 1:admin ====> Execute Query ====>  DELETE FROM emedirec_sessions WHERE  `last_logins` <= DATE_SUB(NOW(), INTERVAL 12 MINUTE)
2017-06-26 11:16:am --- ::1 ----> 1:admin ====> Execute Query ====>  DELETE FROM emedirec_sessions WHERE  `last_logins` <= DATE_SUB(NOW(), INTERVAL 12 MINUTE)
2017-06-26 11:16:am --- ::1 ----> 1:admin ====> Execute Query ====>  DELETE FROM emedirec_sessions WHERE  `last_logins` <= DATE_SUB(NOW(), INTERVAL 12 MINUTE)
2017-06-26 11:16:am --- ::1 ----> 1:admin ====> Execute Query ====>  SELECT  permissions_action FROM emedirec_role_permissions WHERE  permissions_section = 'mDiagnostic' AND roles_id =1
2017-06-26 11:16:am --- ::1 ----> 1:admin ====> Execute Query ====>  SELECT  * FROM emedirec_hospital WHERE  hospital_status = 1
2017-06-26 11:16:am --- ::1 ----> 1:admin ====> Execute Query ====> SELECT COUNT(*) AS `numrows` FROM `emedirec_1_visitors` WHERE `visitors_status` = 1
2017-06-26 11:16:am --- ::1 ----> 1:admin ====> Execute Query ====>  DELETE FROM emedirec_sessions WHERE  `last_logins` <= DATE_SUB(NOW(), INTERVAL 12 MINUTE)
2017-06-26 11:16:am --- ::1 ----> 1:admin ====> Execute Query ====>  DELETE FROM emedirec_sessions WHERE  `last_logins` <= DATE_SUB(NOW(), INTERVAL 12 MINUTE)
2017-06-26 11:16:am --- ::1 ----> 1:admin ====> Execute Query ====>  SELECT  * FROM emedirec_1_visitors AS vs JOIN emedirec_1_patient AS pt ON vs.patient_id = pt.patient_id WHERE 	visitors_status = 1
2017-06-26 11:16:am --- ::1 ----> 1:admin ====> Execute Query ====>  DELETE FROM emedirec_sessions WHERE  `last_logins` <= DATE_SUB(NOW(), INTERVAL 12 MINUTE)
2017-06-26 11:16:am --- ::1 ----> 1:admin ====> Execute Query ====>  DELETE FROM emedirec_sessions WHERE  `last_logins` <= DATE_SUB(NOW(), INTERVAL 12 MINUTE)
2017-06-26 11:16:am --- ::1 ----> 1:admin ====> Execute Query ====>  DELETE FROM emedirec_sessions WHERE  `last_logins` <= DATE_SUB(NOW(), INTERVAL 12 MINUTE)
2017-06-26 11:16:am --- ::1 ----> 1:admin ====> Execute Query ====>  DELETE FROM emedirec_sessions WHERE  `last_logins` <= DATE_SUB(NOW(), INTERVAL 12 MINUTE)
2017-06-26 11:16:am --- ::1 ----> 1:admin ====> Execute Query ====>  SELECT  * FROM emedirec_hospital WHERE  hospital_status = 1
2017-06-26 11:16:am --- ::1 ----> 1:admin ====> Execute Query ====> SELECT COUNT(*) AS `numrows` FROM `emedirec_1_patient` WHERE `patient_deleted` =0
2017-06-26 11:16:am --- ::1 ----> 1:admin ====> Execute Query ====>  SELECT  * FROM emedirec_1_rooms WHERE  room_deleted = 0
2017-06-26 11:16:am --- ::1 ----> 1:admin ====> Execute Query ====>  SELECT  * FROM emedirec_1_wards WHERE  wards_deleted = 0
2017-06-26 11:16:am --- ::1 ----> 1:admin ====> Execute Query ====>  SELECT  * FROM emedirec_1_user WHERE  user_deleted = 0
2017-06-26 11:16:am --- ::1 ----> 1:admin ====> Execute Query ====>  DELETE FROM emedirec_sessions WHERE  `last_logins` <= DATE_SUB(NOW(), INTERVAL 12 MINUTE)
2017-06-26 11:16:am --- ::1 ----> 1:admin ====> Execute Query ====>  DELETE FROM emedirec_sessions WHERE  `last_logins` <= DATE_SUB(NOW(), INTERVAL 12 MINUTE)
2017-06-26 11:16:am --- ::1 ----> 1:admin ====> Execute Query ====>  SELECT  * FROM emedirec_1_patient WHERE  patient_deleted = 0 AND patient_ready = 0 ORDER BY register_date DESC
2017-06-26 11:16:am --- ::1 ----> 1:admin ====> Execute Query ====>  DELETE FROM emedirec_sessions WHERE  `last_logins` <= DATE_SUB(NOW(), INTERVAL 12 MINUTE)
2017-06-26 11:16:am --- ::1 ----> 1:admin ====> Execute Query ====>  DELETE FROM emedirec_sessions WHERE  `last_logins` <= DATE_SUB(NOW(), INTERVAL 12 MINUTE)
2017-06-26 11:20:am --- ::1 ----> 1:admin ====> Execute Query ====>  DELETE FROM emedirec_sessions WHERE  `last_logins` <= DATE_SUB(NOW(), INTERVAL 12 MINUTE)
2017-06-26 11:20:am --- ::1 ----> 1:admin ====> Execute Query ====>  DELETE FROM emedirec_sessions WHERE  `last_logins` <= DATE_SUB(NOW(), INTERVAL 12 MINUTE)
2017-06-26 11:20:am --- ::1 ----> 1:admin ====> Execute Query ====>  SELECT  * FROM emedirec_hospital WHERE  hospital_status = 1
2017-06-26 11:20:am --- ::1 ----> 1:admin ====> Execute Query ====> SELECT COUNT(*) AS `numrows` FROM `emedirec_1_patient` WHERE `patient_deleted` =0
2017-06-26 11:20:am --- ::1 ----> 1:admin ====> Execute Query ====>  SELECT  * FROM emedirec_1_rooms WHERE  room_deleted = 0
2017-06-26 11:20:am --- ::1 ----> 1:admin ====> Execute Query ====>  SELECT  * FROM emedirec_1_wards WHERE  wards_deleted = 0
2017-06-26 11:20:am --- ::1 ----> 1:admin ====> Execute Query ====>  SELECT  * FROM emedirec_1_user WHERE  user_deleted = 0
2017-06-26 11:20:am --- ::1 ----> 1:admin ====> Execute Query ====>  DELETE FROM emedirec_sessions WHERE  `last_logins` <= DATE_SUB(NOW(), INTERVAL 12 MINUTE)
2017-06-26 11:20:am --- ::1 ----> 1:admin ====> Execute Query ====>  DELETE FROM emedirec_sessions WHERE  `last_logins` <= DATE_SUB(NOW(), INTERVAL 12 MINUTE)
2017-06-26 11:20:am --- ::1 ----> 1:admin ====> Execute Query ====>  SELECT  * FROM emedirec_1_patient WHERE  patient_deleted = 0 AND patient_ready = 0 ORDER BY register_date DESC
2017-06-26 11:20:am --- ::1 ----> 1:admin ====> Execute Query ====>  DELETE FROM emedirec_sessions WHERE  `last_logins` <= DATE_SUB(NOW(), INTERVAL 12 MINUTE)
2017-06-26 11:20:am --- ::1 ----> 1:admin ====> Execute Query ====>  DELETE FROM emedirec_sessions WHERE  `last_logins` <= DATE_SUB(NOW(), INTERVAL 12 MINUTE)
2017-06-26 11:20:am --- ::1 ----> 1:admin ====> Execute Query ====>  DELETE FROM emedirec_sessions WHERE  `last_logins` <= DATE_SUB(NOW(), INTERVAL 12 MINUTE)
2017-06-26 11:20:am --- ::1 ----> 1:admin ====> Execute Query ====>  DELETE FROM emedirec_sessions WHERE  `last_logins` <= DATE_SUB(NOW(), INTERVAL 12 MINUTE)
2017-06-26 11:20:am --- ::1 ----> 1:admin ====> Execute Query ====>  SELECT  * FROM emedirec_hospital WHERE  hospital_status = 1
2017-06-26 11:20:am --- ::1 ----> 1:admin ====> Execute Query ====> SELECT COUNT(*) AS `numrows` FROM `emedirec_1_patient` WHERE `patient_deleted` =0
2017-06-26 11:20:am --- ::1 ----> 1:admin ====> Execute Query ====>  SELECT  * FROM emedirec_1_rooms WHERE  room_deleted = 0
2017-06-26 11:20:am --- ::1 ----> 1:admin ====> Execute Query ====>  SELECT  * FROM emedirec_1_wards WHERE  wards_deleted = 0
2017-06-26 11:20:am --- ::1 ----> 1:admin ====> Execute Query ====>  SELECT  * FROM emedirec_1_user WHERE  user_deleted = 0
2017-06-26 11:20:am --- ::1 ----> 1:admin ====> Execute Query ====>  DELETE FROM emedirec_sessions WHERE  `last_logins` <= DATE_SUB(NOW(), INTERVAL 12 MINUTE)
2017-06-26 11:20:am --- ::1 ----> 1:admin ====> Execute Query ====>  DELETE FROM emedirec_sessions WHERE  `last_logins` <= DATE_SUB(NOW(), INTERVAL 12 MINUTE)
2017-06-26 11:20:am --- ::1 ----> 1:admin ====> Execute Query ====>  SELECT  * FROM emedirec_1_patient WHERE  patient_deleted = 0 AND patient_ready = 0 ORDER BY register_date DESC
2017-06-26 11:20:am --- ::1 ----> 1:admin ====> Execute Query ====>  DELETE FROM emedirec_sessions WHERE  `last_logins` <= DATE_SUB(NOW(), INTERVAL 12 MINUTE)
2017-06-26 11:20:am --- ::1 ----> 1:admin ====> Execute Query ====>  DELETE FROM emedirec_sessions WHERE  `last_logins` <= DATE_SUB(NOW(), INTERVAL 12 MINUTE)
2017-06-26 11:20:am --- ::1 ----> 1:admin ====> Execute Query ====>  DELETE FROM emedirec_sessions WHERE  `last_logins` <= DATE_SUB(NOW(), INTERVAL 12 MINUTE)
2017-06-26 11:20:am --- ::1 ----> 1:admin ====> Execute Query ====>  DELETE FROM emedirec_sessions WHERE  `last_logins` <= DATE_SUB(NOW(), INTERVAL 12 MINUTE)
2017-06-26 11:20:am --- ::1 ----> 1:admin ====> Execute Query ====>  SELECT  permissions_action FROM emedirec_role_permissions WHERE  permissions_section = 'mDiagnostic' AND roles_id =1
2017-06-26 11:20:am --- ::1 ----> 1:admin ====> Execute Query ====>  SELECT  * FROM emedirec_hospital WHERE  hospital_status = 1
2017-06-26 11:20:am --- ::1 ----> 1:admin ====> Execute Query ====> SELECT COUNT(*) AS `numrows` FROM `emedirec_1_visitors` WHERE `visitors_status` = 1
2017-06-26 11:20:am --- ::1 ----> 1:admin ====> Execute Query ====>  DELETE FROM emedirec_sessions WHERE  `last_logins` <= DATE_SUB(NOW(), INTERVAL 12 MINUTE)
2017-06-26 11:20:am --- ::1 ----> 1:admin ====> Execute Query ====>  DELETE FROM emedirec_sessions WHERE  `last_logins` <= DATE_SUB(NOW(), INTERVAL 12 MINUTE)
2017-06-26 11:20:am --- ::1 ----> 1:admin ====> Execute Query ====>  SELECT  * FROM emedirec_1_visitors AS vs JOIN emedirec_1_patient AS pt ON vs.patient_id = pt.patient_id WHERE 	visitors_status = 1
2017-06-26 11:20:am --- ::1 ----> 1:admin ====> Execute Query ====>  DELETE FROM emedirec_sessions WHERE  `last_logins` <= DATE_SUB(NOW(), INTERVAL 12 MINUTE)
2017-06-26 11:20:am --- ::1 ----> 1:admin ====> Execute Query ====>  DELETE FROM emedirec_sessions WHERE  `last_logins` <= DATE_SUB(NOW(), INTERVAL 12 MINUTE)
2017-06-26 11:21:am --- ::1 ----> 1:admin ====> Execute Query ====>  DELETE FROM emedirec_sessions WHERE  `last_logins` <= DATE_SUB(NOW(), INTERVAL 12 MINUTE)
2017-06-26 11:21:am --- ::1 ----> 1:admin ====> Execute Query ====>  DELETE FROM emedirec_sessions WHERE  `last_logins` <= DATE_SUB(NOW(), INTERVAL 12 MINUTE)
2017-06-26 11:21:am --- ::1 ----> 1:admin ====> Execute Query ====>  SELECT  * FROM emedirec_hospital WHERE  hospital_status = 1
2017-06-26 11:21:am --- ::1 ----> 1:admin ====> Execute Query ====> SELECT COUNT(*) AS `numrows` FROM `emedirec_1_patient` WHERE `patient_deleted` =0
2017-06-26 11:21:am --- ::1 ----> 1:admin ====> Execute Query ====>  SELECT  * FROM emedirec_1_rooms WHERE  room_deleted = 0
2017-06-26 11:21:am --- ::1 ----> 1:admin ====> Execute Query ====>  SELECT  * FROM emedirec_1_wards WHERE  wards_deleted = 0
2017-06-26 11:21:am --- ::1 ----> 1:admin ====> Execute Query ====>  SELECT  * FROM emedirec_1_user WHERE  user_deleted = 0
2017-06-26 11:21:am --- ::1 ----> 1:admin ====> Execute Query ====>  DELETE FROM emedirec_sessions WHERE  `last_logins` <= DATE_SUB(NOW(), INTERVAL 12 MINUTE)
2017-06-26 11:21:am --- ::1 ----> 1:admin ====> Execute Query ====>  DELETE FROM emedirec_sessions WHERE  `last_logins` <= DATE_SUB(NOW(), INTERVAL 12 MINUTE)
2017-06-26 11:21:am --- ::1 ----> 1:admin ====> Execute Query ====>  SELECT  * FROM emedirec_1_patient WHERE  patient_deleted = 0 AND patient_ready = 0 ORDER BY register_date DESC
2017-06-26 11:21:am --- ::1 ----> 1:admin ====> Execute Query ====>  DELETE FROM emedirec_sessions WHERE  `last_logins` <= DATE_SUB(NOW(), INTERVAL 12 MINUTE)
2017-06-26 11:21:am --- ::1 ----> 1:admin ====> Execute Query ====>  DELETE FROM emedirec_sessions WHERE  `last_logins` <= DATE_SUB(NOW(), INTERVAL 12 MINUTE)
2017-06-26 11:21:am --- ::1 ----> 1:admin ====> Execute Query ====>  DELETE FROM emedirec_sessions WHERE  `last_logins` <= DATE_SUB(NOW(), INTERVAL 12 MINUTE)
2017-06-26 11:21:am --- ::1 ----> 1:admin ====> Execute Query ====>  DELETE FROM emedirec_sessions WHERE  `last_logins` <= DATE_SUB(NOW(), INTERVAL 12 MINUTE)
2017-06-26 11:21:am --- ::1 ----> 1:admin ====> Execute Query ====> UPDATE `emedirec_1_patient` SET `patient_ready` = '1' WHERE `patient_id` = 2
2017-06-26 11:21:am --- ::1 ----> 1:admin ====> Execute Query ====> SELECT COUNT(*) AS `numrows` FROM `emedirec_1_visitors` WHERE `visitors_status` < 3 AND `patient_id` = 2
2017-06-26 11:21:am --- ::1 ----> 1:admin ====> Execute Query ====> INSERT INTO `emedirec_1_visitors` (`patient_id`, `visitors_stay_date`, `visitors_leave_status`, `visitors_status`) VALUES ('2', '', '1', '1')
2017-06-26 11:21:am --- ::1 ----> 1:admin ====> Execute Query ====>  DELETE FROM emedirec_sessions WHERE  `last_logins` <= DATE_SUB(NOW(), INTERVAL 12 MINUTE)
2017-06-26 11:21:am --- ::1 ----> 1:admin ====> Execute Query ====>  DELETE FROM emedirec_sessions WHERE  `last_logins` <= DATE_SUB(NOW(), INTERVAL 12 MINUTE)
2017-06-26 11:21:am --- ::1 ----> 1:admin ====> Execute Query ====>  SELECT  permissions_action FROM emedirec_role_permissions WHERE  permissions_section = 'mDiagnostic' AND roles_id =1
2017-06-26 11:21:am --- ::1 ----> 1:admin ====> Execute Query ====>  SELECT  * FROM emedirec_hospital WHERE  hospital_status = 1
2017-06-26 11:21:am --- ::1 ----> 1:admin ====> Execute Query ====> SELECT COUNT(*) AS `numrows` FROM `emedirec_1_visitors` WHERE `visitors_status` = 1
2017-06-26 11:21:am --- ::1 ----> 1:admin ====> Execute Query ====>  DELETE FROM emedirec_sessions WHERE  `last_logins` <= DATE_SUB(NOW(), INTERVAL 12 MINUTE)
2017-06-26 11:21:am --- ::1 ----> 1:admin ====> Execute Query ====>  DELETE FROM emedirec_sessions WHERE  `last_logins` <= DATE_SUB(NOW(), INTERVAL 12 MINUTE)
2017-06-26 11:21:am --- ::1 ----> 1:admin ====> Execute Query ====>  SELECT  * FROM emedirec_1_visitors AS vs JOIN emedirec_1_patient AS pt ON vs.patient_id = pt.patient_id WHERE 	visitors_status = 1
2017-06-26 11:21:am --- ::1 ----> 1:admin ====> Execute Query ====>  DELETE FROM emedirec_sessions WHERE  `last_logins` <= DATE_SUB(NOW(), INTERVAL 12 MINUTE)
2017-06-26 11:21:am --- ::1 ----> 1:admin ====> Execute Query ====>  DELETE FROM emedirec_sessions WHERE  `last_logins` <= DATE_SUB(NOW(), INTERVAL 12 MINUTE)
2017-06-26 11:21:am --- ::1 ----> 1:admin ====> Execute Query ====>  DELETE FROM emedirec_sessions WHERE  `last_logins` <= DATE_SUB(NOW(), INTERVAL 12 MINUTE)
2017-06-26 11:21:am --- ::1 ----> 1:admin ====> Execute Query ====>  DELETE FROM emedirec_sessions WHERE  `last_logins` <= DATE_SUB(NOW(), INTERVAL 12 MINUTE)
2017-06-26 11:21:am --- ::1 ----> 1:admin ====> Execute Query ====>  SELECT  permissions_action FROM emedirec_role_permissions WHERE  permissions_section = 'mDiagnostic' AND roles_id =1
2017-06-26 11:21:am --- ::1 ----> 1:admin ====> Execute Query ====>  SELECT  * FROM emedirec_1_visitors AS vs JOIN emedirec_1_patient AS pt ON vs.patient_id = pt.patient_id WHERE  visitors_id =5
2017-06-26 11:21:am --- ::1 ----> 1:admin ====> Execute Query ====>  SELECT  * FROM emedirec_1_diagnostics AS ds JOIN emedirec_1_visitors AS vs ON vs.visitors_id = ds.visitors_id JOIN emedirec_1_icd10 AS id ON ds.icd10_id = id.icd10_id WHERE  diagnostics_deleted = 0 AND ds.visitors_id = 5
2017-06-26 11:21:am --- ::1 ----> 1:admin ====> Execute Query ====>  SELECT  * FROM emedirec_1_wards WHERE  wards_deleted = 0
2017-06-26 11:21:am --- ::1 ----> 1:admin ====> Execute Query ====>  DELETE FROM emedirec_sessions WHERE  `last_logins` <= DATE_SUB(NOW(), INTERVAL 12 MINUTE)
2017-06-26 11:21:am --- ::1 ----> 1:admin ====> Execute Query ====>  DELETE FROM emedirec_sessions WHERE  `last_logins` <= DATE_SUB(NOW(), INTERVAL 12 MINUTE)
2017-06-26 11:21:am --- ::1 ----> 1:admin ====> Execute Query ====>  SELECT  * FROM emedirec_1_clinical_notes AS cn JOIN emedirec_1_visitors AS vi ON cn.visitors_id = vi.visitors_id WHERE  cn.visitors_id = 5
2017-06-26 11:21:am --- ::1 ----> 1:admin ====> Execute Query ====>  DELETE FROM emedirec_sessions WHERE  `last_logins` <= DATE_SUB(NOW(), INTERVAL 12 MINUTE)
2017-06-26 11:21:am --- ::1 ----> 1:admin ====> Execute Query ====>  DELETE FROM emedirec_sessions WHERE  `last_logins` <= DATE_SUB(NOW(), INTERVAL 12 MINUTE)
2017-06-26 11:21:am --- ::1 ----> 1:admin ====> Execute Query ====>  DELETE FROM emedirec_sessions WHERE  `last_logins` <= DATE_SUB(NOW(), INTERVAL 12 MINUTE)
2017-06-26 11:21:am --- ::1 ----> 1:admin ====> Execute Query ====>  DELETE FROM emedirec_sessions WHERE  `last_logins` <= DATE_SUB(NOW(), INTERVAL 12 MINUTE)
2017-06-26 11:21:am --- ::1 ----> 1:admin ====> Execute Query ====>  SELECT service_items_id, si.uid, si.visitors_id, forms_name, si.products_id, products_name, products_code, units_name, items_qty, items_discount, items_prices, items_modified, items_form, items_time, items_detail, invoice_item_desc, fitzpatrik, fluence, pulse_length, frequency, mode, no_of_treal, lens, spot_size, cut_off_filter, pulse_train, pause_length, pulse_with_us, energy_mj, medication, mediacines_am, mediacines_af, mediacines_pm, mediacines_nt, times, us.name, IFNULL(ass.name, '') AS assign_to, IFNULL(acc.name,'') AS accept_by, IFNULL(us.name,'') AS assign_from FROM emedirec_1_service_items AS si JOIN emedirec_1_products AS pr ON si.products_id = pr.products_id JOIN emedirec_1_product_categories AS ca ON ca.categories_id = pr.categories_id JOIN emedirec_1_product_types AS ty ON ty.types_id = ca.types_id JOIN emedirec_1_units AS un ON un.units_id = pr.units_id JOIN emedirec_1_user AS us ON si.uid = us.uid LEFT JOIN emedirec_1_user AS ass ON si.assign_to_uid = ass.uid LEFT JOIN emedirec_1_user AS acc ON si.accept_by_uid = acc.uid LEFT JOIN emedirec_1_forms AS fr ON si.items_form = fr.forms_id WHERE  si.visitors_id = 5 AND ty.types_id = 4 ORDER BY items_modified
2017-06-26 11:21:am --- ::1 ----> 1:admin ====> Execute Query ====>  DELETE FROM emedirec_sessions WHERE  `last_logins` <= DATE_SUB(NOW(), INTERVAL 12 MINUTE)
2017-06-26 11:21:am --- ::1 ----> 1:admin ====> Execute Query ====>  DELETE FROM emedirec_sessions WHERE  `last_logins` <= DATE_SUB(NOW(), INTERVAL 12 MINUTE)
2017-06-26 11:21:am --- ::1 ----> 1:admin ====> Execute Query ====>  DELETE FROM emedirec_sessions WHERE  `last_logins` <= DATE_SUB(NOW(), INTERVAL 12 MINUTE)
2017-06-26 11:21:am --- ::1 ----> 1:admin ====> Execute Query ====>  DELETE FROM emedirec_sessions WHERE  `last_logins` <= DATE_SUB(NOW(), INTERVAL 12 MINUTE)
2017-06-26 11:21:am --- ::1 ----> 1:admin ====> Execute Query ====>  SELECT  vs.visitors_id, visitors_in_date, types_id, products_name, IFNULL(icd10_code, '') AS icd10_code, IFNULL(icd10_desc,'') AS icd10_desc, IFNULL(diagnostics_level,'') AS diagnostics_level, IFNULL(diagnostics_detail,'') AS diagnostics_detail, items_qty, items_discount, items_prices FROM emedirec_1_visitors AS vs JOIN emedirec_1_patient AS pt ON vs.patient_id = pt.patient_id LEFT JOIN emedirec_1_service_items AS si ON si.visitors_id = vs.visitors_id LEFT JOIN emedirec_1_products AS pr ON pr.products_id = si.products_id LEFT JOIN emedirec_1_product_categories AS ca ON ca.categories_id = pr.categories_id LEFT JOIN emedirec_1_diagnostics AS dia ON dia.visitors_id = vs.visitors_id LEFT JOIN emedirec_1_icd10 AS icd ON icd.icd10_id = dia.icd10_id WHERE  products_name IS NOT NULL AND pt.patient_id = 2 GROUP BY si.service_items_id ORDER BY visitors_in_date ASC
2017-06-26 11:21:am --- ::1 ----> 1:admin ====> Execute Query ====>  DELETE FROM emedirec_sessions WHERE  `last_logins` <= DATE_SUB(NOW(), INTERVAL 12 MINUTE)
2017-06-26 11:21:am --- ::1 ----> 1:admin ====> Execute Query ====>  DELETE FROM emedirec_sessions WHERE  `last_logins` <= DATE_SUB(NOW(), INTERVAL 12 MINUTE)
2017-06-26 11:21:am --- ::1 ----> 1:admin ====> Execute Query ====>  DELETE FROM emedirec_sessions WHERE  `last_logins` <= DATE_SUB(NOW(), INTERVAL 12 MINUTE)
2017-06-26 11:21:am --- ::1 ----> 1:admin ====> Execute Query ====>  DELETE FROM emedirec_sessions WHERE  `last_logins` <= DATE_SUB(NOW(), INTERVAL 12 MINUTE)
2017-06-26 11:21:am --- ::1 ----> 1:admin ====> Execute Query ====>  SELECT  * FROM emedirec_1_diagnostics AS di JOIN emedirec_1_icd10 AS ic ON ic.icd10_id = di.icd10_id WHERE  diagnostics_deleted = 0 AND visitors_id = 5 ORDER BY diagnostics_date
2017-06-26 11:21:am --- ::1 ----> 1:admin ====> Execute Query ====>  DELETE FROM emedirec_sessions WHERE  `last_logins` <= DATE_SUB(NOW(), INTERVAL 12 MINUTE)
2017-06-26 11:21:am --- ::1 ----> 1:admin ====> Execute Query ====>  DELETE FROM emedirec_sessions WHERE  `last_logins` <= DATE_SUB(NOW(), INTERVAL 12 MINUTE)
2017-06-26 11:21:am --- ::1 ----> 1:admin ====> Execute Query ====>  DELETE FROM emedirec_sessions WHERE  `last_logins` <= DATE_SUB(NOW(), INTERVAL 12 MINUTE)
2017-06-26 11:21:am --- ::1 ----> 1:admin ====> Execute Query ====>  DELETE FROM emedirec_sessions WHERE  `last_logins` <= DATE_SUB(NOW(), INTERVAL 12 MINUTE)
2017-06-26 11:21:am --- ::1 ----> 1:admin ====> Execute Query ====>  SELECT service_items_id, si.uid, si.visitors_id, forms_name, si.products_id, products_name, products_code, units_name, items_qty, items_discount, items_prices, items_modified, items_form, items_time, items_detail, invoice_item_desc, fitzpatrik, fluence, pulse_length, frequency, mode, no_of_treal, lens, spot_size, cut_off_filter, pulse_train, pause_length, pulse_with_us, energy_mj, medication, mediacines_am, mediacines_af, mediacines_pm, mediacines_nt, times, us.name, IFNULL(ass.name, '') AS assign_to, IFNULL(acc.name,'') AS accept_by, IFNULL(us.name,'') AS assign_from FROM emedirec_1_service_items AS si JOIN emedirec_1_products AS pr ON si.products_id = pr.products_id JOIN emedirec_1_product_categories AS ca ON ca.categories_id = pr.categories_id JOIN emedirec_1_product_types AS ty ON ty.types_id = ca.types_id JOIN emedirec_1_units AS un ON un.units_id = pr.units_id JOIN emedirec_1_user AS us ON si.uid = us.uid LEFT JOIN emedirec_1_user AS ass ON si.assign_to_uid = ass.uid LEFT JOIN emedirec_1_user AS acc ON si.accept_by_uid = acc.uid LEFT JOIN emedirec_1_forms AS fr ON si.items_form = fr.forms_id WHERE  si.visitors_id = 5 AND ty.types_id = 2 ORDER BY items_modified
2017-06-26 11:21:am --- ::1 ----> 1:admin ====> Execute Query ====>  DELETE FROM emedirec_sessions WHERE  `last_logins` <= DATE_SUB(NOW(), INTERVAL 12 MINUTE)
2017-06-26 11:21:am --- ::1 ----> 1:admin ====> Execute Query ====>  DELETE FROM emedirec_sessions WHERE  `last_logins` <= DATE_SUB(NOW(), INTERVAL 12 MINUTE)
2017-06-26 11:21:am --- ::1 ----> 1:admin ====> Execute Query ====>  DELETE FROM emedirec_sessions WHERE  `last_logins` <= DATE_SUB(NOW(), INTERVAL 12 MINUTE)
2017-06-26 11:21:am --- ::1 ----> 1:admin ====> Execute Query ====>  DELETE FROM emedirec_sessions WHERE  `last_logins` <= DATE_SUB(NOW(), INTERVAL 12 MINUTE)
2017-06-26 11:21:am --- ::1 ----> 1:admin ====> Execute Query ====>  SELECT  * FROM emedirec_1_appoinments AS ap LEFT JOIN emedirec_1_user AS us ON us.uid = ap.appoitments_doctor_id LEFT JOIN emedirec_1_wards AS w ON w.wards_id = ap.appoitments_ward_id WHERE  appionments_deleted = 0 AND visitors_id = 5
2017-06-26 11:21:am --- ::1 ----> 1:admin ====> Execute Query ====>  DELETE FROM emedirec_sessions WHERE  `last_logins` <= DATE_SUB(NOW(), INTERVAL 12 MINUTE)
2017-06-26 11:21:am --- ::1 ----> 1:admin ====> Execute Query ====>  DELETE FROM emedirec_sessions WHERE  `last_logins` <= DATE_SUB(NOW(), INTERVAL 12 MINUTE)
2017-06-26 11:22:am --- ::1 ----> 1:admin ====> Execute Query ====>  DELETE FROM emedirec_sessions WHERE  `last_logins` <= DATE_SUB(NOW(), INTERVAL 12 MINUTE)
2017-06-26 11:22:am --- ::1 ----> 1:admin ====> Execute Query ====>  DELETE FROM emedirec_sessions WHERE  `last_logins` <= DATE_SUB(NOW(), INTERVAL 12 MINUTE)
2017-06-26 11:22:am --- ::1 ----> 1:admin ====> Execute Query ====>  SELECT  CONCAT( `icd10_code` , '_', `icd10_desc` ) AS value FROM emedirec_1_icd10 WHERE  (icd10_code LIKE 'se%' OR icd10_desc LIKE 'se%') AND  icd10_deleted = 0
2017-06-26 11:22:am --- ::1 ----> 1:admin ====> Execute Query ====>  DELETE FROM emedirec_sessions WHERE  `last_logins` <= DATE_SUB(NOW(), INTERVAL 12 MINUTE)
2017-06-26 11:22:am --- ::1 ----> 1:admin ====> Execute Query ====>  DELETE FROM emedirec_sessions WHERE  `last_logins` <= DATE_SUB(NOW(), INTERVAL 12 MINUTE)
2017-06-26 11:22:am --- ::1 ----> 1:admin ====> Execute Query ====>  DELETE FROM emedirec_sessions WHERE  `last_logins` <= DATE_SUB(NOW(), INTERVAL 12 MINUTE)
2017-06-26 11:22:am --- ::1 ----> 1:admin ====> Execute Query ====>  DELETE FROM emedirec_sessions WHERE  `last_logins` <= DATE_SUB(NOW(), INTERVAL 12 MINUTE)
2017-06-26 11:22:am --- ::1 ----> 1:admin ====> Execute Query ====>  SELECT  * FROM emedirec_1_icd10 WHERE  icd10_deleted = 0 AND icd10_desc = "Sepsis due to streptococcus, groupB"
2017-06-26 11:22:am --- ::1 ----> 1:admin ====> Execute Query ====> INSERT INTO `emedirec_1_diagnostics` (`visitors_id`, `uid`, `icd10_id`, `diagnostics_level`, `diagnostics_detail`) VALUES ('5', '1', '292', '1', '232')
2017-06-26 11:22:am --- ::1 ----> 1:admin ====> Execute Query ====>  DELETE FROM emedirec_sessions WHERE  `last_logins` <= DATE_SUB(NOW(), INTERVAL 12 MINUTE)
2017-06-26 11:22:am --- ::1 ----> 1:admin ====> Execute Query ====>  DELETE FROM emedirec_sessions WHERE  `last_logins` <= DATE_SUB(NOW(), INTERVAL 12 MINUTE)
2017-06-26 11:22:am --- ::1 ----> 1:admin ====> Execute Query ====>  SELECT  * FROM emedirec_1_diagnostics AS di JOIN emedirec_1_icd10 AS ic ON ic.icd10_id = di.icd10_id WHERE  diagnostics_deleted = 0 AND visitors_id = 5 ORDER BY diagnostics_date
2017-06-26 11:22:am --- ::1 ----> 1:admin ====> Execute Query ====>  DELETE FROM emedirec_sessions WHERE  `last_logins` <= DATE_SUB(NOW(), INTERVAL 12 MINUTE)
2017-06-26 11:22:am --- ::1 ----> 1:admin ====> Execute Query ====>  DELETE FROM emedirec_sessions WHERE  `last_logins` <= DATE_SUB(NOW(), INTERVAL 12 MINUTE)
2017-06-26 11:22:am --- ::1 ----> 1:admin ====> Execute Query ====>  DELETE FROM emedirec_sessions WHERE  `last_logins` <= DATE_SUB(NOW(), INTERVAL 12 MINUTE)
2017-06-26 11:22:am --- ::1 ----> 1:admin ====> Execute Query ====>  DELETE FROM emedirec_sessions WHERE  `last_logins` <= DATE_SUB(NOW(), INTERVAL 12 MINUTE)
2017-06-26 11:22:am --- ::1 ----> 1:admin ====> Execute Query ====>  SELECT  vs.visitors_id, visitors_in_date, types_id, products_name, IFNULL(icd10_code, '') AS icd10_code, IFNULL(icd10_desc,'') AS icd10_desc, IFNULL(diagnostics_level,'') AS diagnostics_level, IFNULL(diagnostics_detail,'') AS diagnostics_detail, items_qty, items_discount, items_prices FROM emedirec_1_visitors AS vs JOIN emedirec_1_patient AS pt ON vs.patient_id = pt.patient_id LEFT JOIN emedirec_1_service_items AS si ON si.visitors_id = vs.visitors_id LEFT JOIN emedirec_1_products AS pr ON pr.products_id = si.products_id LEFT JOIN emedirec_1_product_categories AS ca ON ca.categories_id = pr.categories_id LEFT JOIN emedirec_1_diagnostics AS dia ON dia.visitors_id = vs.visitors_id LEFT JOIN emedirec_1_icd10 AS icd ON icd.icd10_id = dia.icd10_id WHERE  products_name IS NOT NULL AND pt.patient_id = 2 GROUP BY si.service_items_id ORDER BY visitors_in_date ASC
2017-06-26 11:22:am --- ::1 ----> 1:admin ====> Execute Query ====>  DELETE FROM emedirec_sessions WHERE  `last_logins` <= DATE_SUB(NOW(), INTERVAL 12 MINUTE)
2017-06-26 11:22:am --- ::1 ----> 1:admin ====> Execute Query ====>  DELETE FROM emedirec_sessions WHERE  `last_logins` <= DATE_SUB(NOW(), INTERVAL 12 MINUTE)
2017-06-26 11:22:am --- ::1 ----> 1:admin ====> Execute Query ====>  DELETE FROM emedirec_sessions WHERE  `last_logins` <= DATE_SUB(NOW(), INTERVAL 12 MINUTE)
2017-06-26 11:22:am --- ::1 ----> 1:admin ====> Execute Query ====>  DELETE FROM emedirec_sessions WHERE  `last_logins` <= DATE_SUB(NOW(), INTERVAL 12 MINUTE)
2017-06-26 11:22:am --- ::1 ----> 1:admin ====> Execute Query ====>  SELECT  * FROM emedirec_1_diagnostics AS di JOIN emedirec_1_icd10 AS ic ON ic.icd10_id = di.icd10_id WHERE  diagnostics_deleted = 0 AND visitors_id = 5 ORDER BY diagnostics_date
2017-06-26 11:22:am --- ::1 ----> 1:admin ====> Execute Query ====>  DELETE FROM emedirec_sessions WHERE  `last_logins` <= DATE_SUB(NOW(), INTERVAL 12 MINUTE)
2017-06-26 11:22:am --- ::1 ----> 1:admin ====> Execute Query ====>  DELETE FROM emedirec_sessions WHERE  `last_logins` <= DATE_SUB(NOW(), INTERVAL 12 MINUTE)
2017-06-26 11:22:am --- ::1 ----> 1:admin ====> Execute Query ====>  DELETE FROM emedirec_sessions WHERE  `last_logins` <= DATE_SUB(NOW(), INTERVAL 12 MINUTE)
2017-06-26 11:22:am --- ::1 ----> 1:admin ====> Execute Query ====>  DELETE FROM emedirec_sessions WHERE  `last_logins` <= DATE_SUB(NOW(), INTERVAL 12 MINUTE)
2017-06-26 11:22:am --- ::1 ----> 1:admin ====> Execute Query ====>  SELECT  * FROM emedirec_1_diagnostics AS di JOIN emedirec_1_icd10 AS ic ON ic.icd10_id = di.icd10_id WHERE  diagnostics_deleted = 0 AND visitors_id = 5 ORDER BY diagnostics_date
2017-06-26 11:22:am --- ::1 ----> 1:admin ====> Execute Query ====>  DELETE FROM emedirec_sessions WHERE  `last_logins` <= DATE_SUB(NOW(), INTERVAL 12 MINUTE)
2017-06-26 11:22:am --- ::1 ----> 1:admin ====> Execute Query ====>  DELETE FROM emedirec_sessions WHERE  `last_logins` <= DATE_SUB(NOW(), INTERVAL 12 MINUTE)
2017-06-26 11:43:am --- ::1 ----> : ====> Execute Query ====>  DELETE FROM emedirec_sessions WHERE  `last_logins` <= DATE_SUB(NOW(), INTERVAL 12 MINUTE)
2017-06-26 11:43:am --- ::1 ----> : ====> Execute Query ====>  DELETE FROM emedirec_sessions WHERE  `last_logins` <= DATE_SUB(NOW(), INTERVAL 12 MINUTE)
2017-06-26 11:43:am --- ::1 ----> : ====> Execute Query ====>  DELETE FROM emedirec_sessions WHERE  `last_logins` <= DATE_SUB(NOW(), INTERVAL 12 MINUTE)
2017-06-26 11:43:am --- ::1 ----> : ====> Execute Query ====>  DELETE FROM emedirec_sessions WHERE  `last_logins` <= DATE_SUB(NOW(), INTERVAL 12 MINUTE)
2017-06-26 11:43:am --- ::1 ----> : ====> Execute Query ====> SELECT COUNT(*) AS `numrows` FROM `emedirec_sessions` WHERE `data` LIKE '%:"admin";%' AND DATE_ADD(`last_logins`, INTERVAL 12 MINUTE) > NOW()
2017-06-26 11:43:am --- ::1 ----> : ====> Execute Query ====>  SELECT  * FROM  emedirec_1_user AS us JOIN emedirec_hospital AS ht ON ht.hospital_id = us.hospital_id WHERE  username = 'admin' AND hospital_code = 'H0000001'
2017-06-26 11:44:am --- ::1 ----> 1:admin ====> Execute Query ====>  DELETE FROM emedirec_sessions WHERE  `last_logins` <= DATE_SUB(NOW(), INTERVAL 12 MINUTE)
2017-06-26 11:44:am --- ::1 ----> 1:admin ====> Execute Query ====>  DELETE FROM emedirec_sessions WHERE  `last_logins` <= DATE_SUB(NOW(), INTERVAL 12 MINUTE)
2017-06-26 11:44:am --- ::1 ----> 1:admin ====> Execute Query ====>  DELETE FROM emedirec_sessions WHERE  `last_logins` <= DATE_SUB(NOW(), INTERVAL 12 MINUTE)
2017-06-26 11:44:am --- ::1 ----> 1:admin ====> Execute Query ====>  DELETE FROM emedirec_sessions WHERE  `last_logins` <= DATE_SUB(NOW(), INTERVAL 12 MINUTE)
2017-06-26 11:44:am --- ::1 ----> 1:admin ====> Execute Query ====> SELECT COUNT(*) AS `numrows` FROM `emedirec_1_visitors` WHERE `visitors_status` = 2
2017-06-26 11:44:am --- ::1 ----> 1:admin ====> Execute Query ====>  DELETE FROM emedirec_sessions WHERE  `last_logins` <= DATE_SUB(NOW(), INTERVAL 12 MINUTE)
2017-06-26 11:44:am --- ::1 ----> 1:admin ====> Execute Query ====>  DELETE FROM emedirec_sessions WHERE  `last_logins` <= DATE_SUB(NOW(), INTERVAL 12 MINUTE)
2017-06-26 11:44:am --- ::1 ----> 1:admin ====> Execute Query ====>  DELETE FROM emedirec_sessions WHERE  `last_logins` <= DATE_SUB(NOW(), INTERVAL 12 MINUTE)
2017-06-26 11:44:am --- ::1 ----> 1:admin ====> Execute Query ====>  DELETE FROM emedirec_sessions WHERE  `last_logins` <= DATE_SUB(NOW(), INTERVAL 12 MINUTE)
2017-06-26 11:44:am --- ::1 ----> 1:admin ====> Execute Query ====> SELECT COUNT(*) AS `numrows` FROM `emedirec_1_icd10` WHERE `icd10_deleted` =0
2017-06-26 11:44:am --- ::1 ----> 1:admin ====> Execute Query ====>  DELETE FROM emedirec_sessions WHERE  `last_logins` <= DATE_SUB(NOW(), INTERVAL 12 MINUTE)
2017-06-26 11:44:am --- ::1 ----> 1:admin ====> Execute Query ====>  DELETE FROM emedirec_sessions WHERE  `last_logins` <= DATE_SUB(NOW(), INTERVAL 12 MINUTE)
2017-06-26 11:44:am --- ::1 ----> 1:admin ====> Execute Query ====>  DELETE FROM emedirec_sessions WHERE  `last_logins` <= DATE_SUB(NOW(), INTERVAL 12 MINUTE)
2017-06-26 11:44:am --- ::1 ----> 1:admin ====> Execute Query ====>  DELETE FROM emedirec_sessions WHERE  `last_logins` <= DATE_SUB(NOW(), INTERVAL 12 MINUTE)
2017-06-26 11:44:am --- ::1 ----> 1:admin ====> Execute Query ====> SELECT COUNT(*) AS `numrows` FROM `emedirec_1_visitors` WHERE `visitors_status` = 1
2017-06-26 11:44:am --- ::1 ----> 1:admin ====> Execute Query ====>  DELETE FROM emedirec_sessions WHERE  `last_logins` <= DATE_SUB(NOW(), INTERVAL 12 MINUTE)
2017-06-26 11:44:am --- ::1 ----> 1:admin ====> Execute Query ====>  DELETE FROM emedirec_sessions WHERE  `last_logins` <= DATE_SUB(NOW(), INTERVAL 12 MINUTE)
2017-06-26 11:44:am --- ::1 ----> 1:admin ====> Execute Query ====>  DELETE FROM emedirec_sessions WHERE  `last_logins` <= DATE_SUB(NOW(), INTERVAL 12 MINUTE)
2017-06-26 11:44:am --- ::1 ----> 1:admin ====> Execute Query ====>  DELETE FROM emedirec_sessions WHERE  `last_logins` <= DATE_SUB(NOW(), INTERVAL 12 MINUTE)
2017-06-26 11:44:am --- ::1 ----> 1:admin ====> Execute Query ====> SELECT COUNT(*) AS `numrows` FROM `emedirec_1_patient` WHERE `patient_deleted` =0
2017-06-26 11:44:am --- ::1 ----> 1:admin ====> Execute Query ====>  DELETE FROM emedirec_sessions WHERE  `last_logins` <= DATE_SUB(NOW(), INTERVAL 12 MINUTE)
2017-06-26 11:44:am --- ::1 ----> 1:admin ====> Execute Query ====>  DELETE FROM emedirec_sessions WHERE  `last_logins` <= DATE_SUB(NOW(), INTERVAL 12 MINUTE)
2017-06-26 11:44:am --- ::1 ----> 1:admin ====> Execute Query ====>  DELETE FROM emedirec_sessions WHERE  `last_logins` <= DATE_SUB(NOW(), INTERVAL 12 MINUTE)
2017-06-26 11:44:am --- ::1 ----> 1:admin ====> Execute Query ====>  DELETE FROM emedirec_sessions WHERE  `last_logins` <= DATE_SUB(NOW(), INTERVAL 12 MINUTE)
2017-06-26 11:44:am --- ::1 ----> 1:admin ====> Execute Query ====> SELECT COUNT(*) AS `numrows` FROM `emedirec_1_patient` WHERE `patient_deleted` =0 AND `patient_ready` =0
2017-06-26 11:44:am --- ::1 ----> 1:admin ====> Execute Query ====>  DELETE FROM emedirec_sessions WHERE  `last_logins` <= DATE_SUB(NOW(), INTERVAL 12 MINUTE)
2017-06-26 11:44:am --- ::1 ----> 1:admin ====> Execute Query ====>  DELETE FROM emedirec_sessions WHERE  `last_logins` <= DATE_SUB(NOW(), INTERVAL 12 MINUTE)
2017-06-26 11:44:am --- ::1 ----> 1:admin ====> Execute Query ====>  DELETE FROM emedirec_sessions WHERE  `last_logins` <= DATE_SUB(NOW(), INTERVAL 12 MINUTE)
2017-06-26 11:44:am --- ::1 ----> 1:admin ====> Execute Query ====>  DELETE FROM emedirec_sessions WHERE  `last_logins` <= DATE_SUB(NOW(), INTERVAL 12 MINUTE)
2017-06-26 11:44:am --- ::1 ----> 1:admin ====> Execute Query ====> SELECT COUNT(*) AS `numrows` FROM `emedirec_1_user` WHERE `user_deleted` =0
2017-06-26 11:44:am --- ::1 ----> 1:admin ====> Execute Query ====>  DELETE FROM emedirec_sessions WHERE  `last_logins` <= DATE_SUB(NOW(), INTERVAL 12 MINUTE)
2017-06-26 11:44:am --- ::1 ----> 1:admin ====> Execute Query ====>  DELETE FROM emedirec_sessions WHERE  `last_logins` <= DATE_SUB(NOW(), INTERVAL 12 MINUTE)
2017-06-26 11:44:am --- ::1 ----> 1:admin ====> Execute Query ====>  DELETE FROM emedirec_sessions WHERE  `last_logins` <= DATE_SUB(NOW(), INTERVAL 12 MINUTE)
2017-06-26 11:44:am --- ::1 ----> 1:admin ====> Execute Query ====>  DELETE FROM emedirec_sessions WHERE  `last_logins` <= DATE_SUB(NOW(), INTERVAL 12 MINUTE)
2017-06-26 11:44:am --- ::1 ----> 1:admin ====> Execute Query ====> SELECT COUNT(*) AS `numrows` FROM `emedirec_1_products` WHERE `products_deleted` =0 AND `categories_id` NOT IN (7,8)
2017-06-26 11:44:am --- ::1 ----> 1:admin ====> Execute Query ====>  DELETE FROM emedirec_sessions WHERE  `last_logins` <= DATE_SUB(NOW(), INTERVAL 12 MINUTE)
2017-06-26 11:44:am --- ::1 ----> 1:admin ====> Execute Query ====>  DELETE FROM emedirec_sessions WHERE  `last_logins` <= DATE_SUB(NOW(), INTERVAL 12 MINUTE)
2017-06-26 11:44:am --- ::1 ----> 1:admin ====> Execute Query ====>  DELETE FROM emedirec_sessions WHERE  `last_logins` <= DATE_SUB(NOW(), INTERVAL 12 MINUTE)
2017-06-26 11:44:am --- ::1 ----> 1:admin ====> Execute Query ====>  DELETE FROM emedirec_sessions WHERE  `last_logins` <= DATE_SUB(NOW(), INTERVAL 12 MINUTE)
2017-06-26 11:44:am --- ::1 ----> 1:admin ====> Execute Query ====> SELECT COUNT(*) AS `numrows` FROM `emedirec_1_products` WHERE `products_deleted` =0 AND `categories_id` IN (7,8)
2017-06-26 11:44:am --- ::1 ----> 1:admin ====> Execute Query ====>  DELETE FROM emedirec_sessions WHERE  `last_logins` <= DATE_SUB(NOW(), INTERVAL 12 MINUTE)
2017-06-26 11:44:am --- ::1 ----> 1:admin ====> Execute Query ====>  DELETE FROM emedirec_sessions WHERE  `last_logins` <= DATE_SUB(NOW(), INTERVAL 12 MINUTE)
2017-06-26 11:44:am --- ::1 ----> 1:admin ====> Execute Query ====>  DELETE FROM emedirec_sessions WHERE  `last_logins` <= DATE_SUB(NOW(), INTERVAL 12 MINUTE)
2017-06-26 11:44:am --- ::1 ----> 1:admin ====> Execute Query ====>  DELETE FROM emedirec_sessions WHERE  `last_logins` <= DATE_SUB(NOW(), INTERVAL 12 MINUTE)
2017-06-26 11:44:am --- ::1 ----> 1:admin ====> Execute Query ====>  SELECT  DATE_FORMAT(appoitments_time,'%d/%m/%Y %h:%i %p') AS appoitments_time, pt.patient_kh_name, pt.patient_en_name, name FROM emedirec_1_appoinments AS ap LEFT JOIN emedirec_1_visitors AS vs ON vs.visitors_id = ap.visitors_id LEFT JOIN emedirec_1_patient AS pt ON vs.patient_id = pt.patient_id  LEFT JOIN emedirec_1_user AS us ON us.uid = ap.uid  WHERE  appionments_deleted = 0 AND appoitments_time >= NOW() ORDER BY appoitments_time ASC
2017-06-26 11:44:am --- ::1 ----> 1:admin ====> Execute Query ====>  DELETE FROM emedirec_sessions WHERE  `last_logins` <= DATE_SUB(NOW(), INTERVAL 12 MINUTE)
2017-06-26 11:44:am --- ::1 ----> 1:admin ====> Execute Query ====>  DELETE FROM emedirec_sessions WHERE  `last_logins` <= DATE_SUB(NOW(), INTERVAL 12 MINUTE)
2017-06-26 11:47:am --- ::1 ----> 1:admin ====> Execute Query ====>  DELETE FROM emedirec_sessions WHERE  `last_logins` <= DATE_SUB(NOW(), INTERVAL 12 MINUTE)
2017-06-26 11:47:am --- ::1 ----> 1:admin ====> Execute Query ====>  DELETE FROM emedirec_sessions WHERE  `last_logins` <= DATE_SUB(NOW(), INTERVAL 12 MINUTE)
2017-06-26 11:47:am --- ::1 ----> 1:admin ====> Execute Query ====>  SELECT  * FROM emedirec_hospital WHERE  hospital_status = 1
2017-06-26 11:47:am --- ::1 ----> 1:admin ====> Execute Query ====> SELECT COUNT(*) AS `numrows` FROM `emedirec_1_patient` WHERE `patient_deleted` =0
2017-06-26 11:47:am --- ::1 ----> 1:admin ====> Execute Query ====>  SELECT  * FROM emedirec_1_rooms WHERE  room_deleted = 0
2017-06-26 11:47:am --- ::1 ----> 1:admin ====> Execute Query ====>  SELECT  * FROM emedirec_1_wards WHERE  wards_deleted = 0
2017-06-26 11:47:am --- ::1 ----> 1:admin ====> Execute Query ====>  SELECT  * FROM emedirec_1_user WHERE  user_deleted = 0
2017-06-26 11:47:am --- ::1 ----> 1:admin ====> Execute Query ====>  DELETE FROM emedirec_sessions WHERE  `last_logins` <= DATE_SUB(NOW(), INTERVAL 12 MINUTE)
2017-06-26 11:47:am --- ::1 ----> 1:admin ====> Execute Query ====>  DELETE FROM emedirec_sessions WHERE  `last_logins` <= DATE_SUB(NOW(), INTERVAL 12 MINUTE)
2017-06-26 11:47:am --- ::1 ----> 1:admin ====> Execute Query ====>  SELECT  * FROM emedirec_1_patient WHERE  patient_deleted = 0 AND patient_ready = 0 ORDER BY register_date DESC
2017-06-26 11:47:am --- ::1 ----> 1:admin ====> Execute Query ====>  DELETE FROM emedirec_sessions WHERE  `last_logins` <= DATE_SUB(NOW(), INTERVAL 12 MINUTE)
2017-06-26 11:47:am --- ::1 ----> 1:admin ====> Execute Query ====>  DELETE FROM emedirec_sessions WHERE  `last_logins` <= DATE_SUB(NOW(), INTERVAL 12 MINUTE)
2017-06-26 11:58:am --- ::1 ----> : ====> Execute Query ====>  DELETE FROM emedirec_sessions WHERE  `last_logins` <= DATE_SUB(NOW(), INTERVAL 12 MINUTE)
2017-06-26 11:58:am --- ::1 ----> : ====> Execute Query ====>  DELETE FROM emedirec_sessions WHERE  `last_logins` <= DATE_SUB(NOW(), INTERVAL 12 MINUTE)
2017-06-26 11:58:am --- ::1 ----> : ====> Execute Query ====>  DELETE FROM emedirec_sessions WHERE  `last_logins` <= DATE_SUB(NOW(), INTERVAL 12 MINUTE)
2017-06-26 11:58:am --- ::1 ----> : ====> Execute Query ====>  DELETE FROM emedirec_sessions WHERE  `last_logins` <= DATE_SUB(NOW(), INTERVAL 12 MINUTE)
